#
# There is insufficient memory for the Java Runtime Environment to continue.
# Native memory allocation (malloc) failed to allocate 32744 bytes for ChunkPool::allocate
# Possible reasons:
#   The system is out of physical RAM or swap space
#   The process is running with CompressedOops enabled, and the Java Heap may be blocking the growth of the native heap
# Possible solutions:
#   Reduce memory load on the system
#   Increase physical memory or swap space
#   Check if swap backing store is full
#   Decrease Java heap size (-Xmx/-Xms)
#   Decrease number of Java threads
#   Decrease Java thread stack sizes (-Xss)
#   Set larger code cache with -XX:ReservedCodeCacheSize=
#   JVM is running with Unscaled Compressed Oops mode in which the Java heap is
#     placed in the first 4GB address space. The Java Heap base address is the
#     maximum limit for the native heap growth. Please use -XX:HeapBaseMinAddress
#     to set the Java Heap base and to place the Java Heap above 4GB virtual address.
# This output file may be truncated or incomplete.
#
#  Out of Memory Error (t:/workspace/open/src/hotspot/share/memory/arena.cpp:80), pid=10420, tid=12544
#
# JRE version: Java(TM) SE Runtime Environment (13.0.2+8) (build 13.0.2+8)
# Java VM: Java HotSpot(TM) 64-Bit Server VM (13.0.2+8, mixed mode, sharing, tiered, compressed oops, g1 gc, windows-amd64)
# No core dump will be written. Minidumps are not enabled by default on client versions of Windows
#

---------------  S U M M A R Y ------------

Command Line: -Dfile.encoding=UTF-8 --module-path=C:\Users\SHADOWRATH\Documents\NetBeansProjects\ITP-Reservation\build\classes itp.reservation.ReservationHome

Host: Intel(R) Core(TM) i7-5500U CPU @ 2.40GHz, 4 cores, 7G,  Windows 8.1 , 64 bit Build 9600 (6.3.9600.17415)
Time: Mon Oct 12 22:18:06 2020 Sri Lanka Standard Time elapsed time: 3 seconds (0d 0h 0m 3s)

---------------  T H R E A D  ---------------

Current thread (0x000000096607f000):  JavaThread "C2 CompilerThread1" daemon [_thread_in_native, id=12544, stack(0x00000009675f0000,0x00000009676f0000)]


Current CompileTask:
C2:   3183 2011       4       jdk.internal.org.objectweb.asm.Frame::execute (2305 bytes)

Stack: [0x00000009675f0000,0x00000009676f0000]
Native frames: (J=compiled Java code, j=interpreted, Vv=VM code, C=native code)
V  [jvm.dll+0x624f9a]
V  [jvm.dll+0x770cfa]
V  [jvm.dll+0x7724af]
V  [jvm.dll+0x772ab3]
V  [jvm.dll+0x24bf08]
V  [jvm.dll+0xc2076]
V  [jvm.dll+0xc23cc]
V  [jvm.dll+0x360d6d]
V  [jvm.dll+0x529ce6]
V  [jvm.dll+0x327832]
V  [jvm.dll+0x326bda]
V  [jvm.dll+0x205c27]
V  [jvm.dll+0x204e3f]
V  [jvm.dll+0x189c2c]
V  [jvm.dll+0x213e6d]
V  [jvm.dll+0x2120bb]
V  [jvm.dll+0x736bb6]
V  [jvm.dll+0x72fcaa]
V  [jvm.dll+0x623ea6]
C  [ucrtbase.DLL+0x203ba]
C  [KERNEL32.DLL+0x13d2]
C  [ntdll.dll+0x154f4]


---------------  P R O C E S S  ---------------

Threads class SMR info:
_java_thread_list=0x0000000966208070, length=17, elements={
0x0000000963f9b000, 0x0000000963f9c800, 0x0000000963fb4800, 0x0000000963fb5800,
0x0000000963fb7800, 0x0000000963fbc800, 0x0000000963fc6800, 0x0000000963f7f000,
0x00000009655f2800, 0x0000000965683000, 0x0000000965b34800, 0x0000000965b35800,
0x0000000965b8e800, 0x000000094565c800, 0x0000000965bd4800, 0x0000000966269800,
0x000000096607f000
}

Java Threads: ( => current thread )
  0x0000000963f9b000 JavaThread "Reference Handler" daemon [_thread_blocked, id=8844, stack(0x0000000964ae0000,0x0000000964be0000)]
  0x0000000963f9c800 JavaThread "Finalizer" daemon [_thread_blocked, id=12672, stack(0x0000000964be0000,0x0000000964ce0000)]
  0x0000000963fb4800 JavaThread "Signal Dispatcher" daemon [_thread_blocked, id=10864, stack(0x0000000964f10000,0x0000000965010000)]
  0x0000000963fb5800 JavaThread "Attach Listener" daemon [_thread_blocked, id=12520, stack(0x0000000965010000,0x0000000965110000)]
  0x0000000963fb7800 JavaThread "C2 CompilerThread0" daemon [_thread_in_native, id=12512, stack(0x0000000965110000,0x0000000965210000)]
  0x0000000963fbc800 JavaThread "C1 CompilerThread0" daemon [_thread_blocked, id=2068, stack(0x0000000965210000,0x0000000965310000)]
  0x0000000963fc6800 JavaThread "Sweeper thread" daemon [_thread_blocked, id=9632, stack(0x0000000965310000,0x0000000965410000)]
  0x0000000963f7f000 JavaThread "Common-Cleaner" daemon [_thread_blocked, id=12360, stack(0x0000000965810000,0x0000000965910000)]
  0x00000009655f2800 JavaThread "Service Thread" daemon [_thread_blocked, id=12868, stack(0x0000000965910000,0x0000000965a10000)]
  0x0000000965683000 JavaThread "Java2D Disposer" daemon [_thread_blocked, id=12456, stack(0x0000000966310000,0x0000000966410000)]
  0x0000000965b34800 JavaThread "AWT-Shutdown" [_thread_blocked, id=10412, stack(0x0000000966410000,0x0000000966510000)]
  0x0000000965b35800 JavaThread "AWT-Windows" daemon [_thread_in_native, id=12292, stack(0x0000000966510000,0x0000000966610000)]
  0x0000000965b8e800 JavaThread "AWT-EventQueue-0" [_thread_blocked, id=11568, stack(0x0000000966c10000,0x0000000966d10000)]
  0x000000094565c800 JavaThread "DestroyJavaVM" [_thread_blocked, id=9664, stack(0x0000000944d10000,0x0000000944e10000)]
  0x0000000965bd4800 JavaThread "Image Fetcher 0" daemon [_thread_blocked, id=7956, stack(0x0000000966e10000,0x0000000966f10000)]
  0x0000000966269800 JavaThread "mysql-cj-abandoned-connection-cleanup" daemon [_thread_blocked, id=11600, stack(0x00000009674f0000,0x00000009675f0000)]
=>0x000000096607f000 JavaThread "C2 CompilerThread1" daemon [_thread_in_native, id=12544, stack(0x00000009675f0000,0x00000009676f0000)]

Other Threads:
  0x0000000963f96800 VMThread "VM Thread" [stack: 0x00000009649e0000,0x0000000964ae0000] [id=9484]
  0x0000000965578800 WatcherThread [stack: 0x0000000965a10000,0x0000000965b10000] [id=13288]
  0x000000094569e000 GCTaskThread "GC Thread#0" [stack: 0x00000009616a0000,0x00000009617a0000] [id=12556]
  0x0000000965f9c800 GCTaskThread "GC Thread#1" [stack: 0x00000009678f0000,0x00000009679f0000] [id=11224]
  0x0000000965fa1000 GCTaskThread "GC Thread#2" [stack: 0x00000009679f0000,0x0000000967af0000] [id=12964]
  0x0000000965fa2000 GCTaskThread "GC Thread#3" [stack: 0x0000000967af0000,0x0000000967bf0000] [id=11712]
  0x00000009456af800 ConcurrentGCThread "G1 Main Marker" [stack: 0x00000009617a0000,0x00000009618a0000] [id=6744]
  0x00000009456b2800 ConcurrentGCThread "G1 Conc#0" [stack: 0x00000009618a0000,0x00000009619a0000] [id=7296]
  0x0000000963e15800 ConcurrentGCThread "G1 Refine#0" [stack: 0x0000000963fe0000,0x00000009640e0000] [id=3776]
  0x0000000965597800 ConcurrentGCThread "G1 Refine#1" [stack: 0x0000000967bf0000,0x0000000967cf0000] [id=12696]
  0x0000000963e17800 ConcurrentGCThread "G1 Young RemSet Sampling" [stack: 0x00000009640e0000,0x00000009641e0000] [id=12348]

Threads with active compile tasks:
C2 CompilerThread0     3274 2096 %     4       sun.java2d.marlin.DRenderer::_endRendering @ 1649 (2480 bytes)
C2 CompilerThread1     3274 2011       4       jdk.internal.org.objectweb.asm.Frame::execute (2305 bytes)

VM state:not at safepoint (normal execution)

VM Mutex/Monitor currently owned by a thread: None

Heap address: 0x0000000081600000, size: 2026 MB, Compressed Oops mode: 32-bit
Narrow klass base: 0x0000000800000000, Narrow klass shift: 3
Compressed class space size: 1073741824 Address: 0x0000000800b40000

Heap:
 garbage-first heap   total 131072K, used 17528K [0x0000000081600000, 0x0000000100000000)
  region size 1024K, 12 young (12288K), 2 survivors (2048K)
 Metaspace       used 19504K, capacity 20112K, committed 20352K, reserved 1067008K
  class space    used 2304K, capacity 2561K, committed 2688K, reserved 1048576K
Heap Regions: E=young(eden), S=young(survivor), O=old, HS=humongous(starts), HC=humongous(continues), CS=collection set, F=free, A=archive, TAMS=top-at-mark-start (previous, next)
|   0|0x0000000081600000, 0x0000000081700000, 0x0000000081700000|100%|HS|  |TAMS 0x0000000081600000, 0x0000000081600000| Complete 
|   1|0x0000000081700000, 0x0000000081800000, 0x0000000081800000|100%| O|  |TAMS 0x0000000081700000, 0x0000000081700000| Untracked 
|   2|0x0000000081800000, 0x0000000081900000, 0x0000000081900000|100%| O|  |TAMS 0x0000000081800000, 0x0000000081800000| Untracked 
|   3|0x0000000081900000, 0x0000000081a00000, 0x0000000081a00000|100%| O|  |TAMS 0x0000000081900000, 0x0000000081900000| Untracked 
|   4|0x0000000081a00000, 0x0000000081b00000, 0x0000000081b00000|100%| O|  |TAMS 0x0000000081a00000, 0x0000000081a00000| Untracked 
|   5|0x0000000081b00000, 0x0000000081b1e200, 0x0000000081c00000| 11%| O|  |TAMS 0x0000000081b00000, 0x0000000081b00000| Untracked 
|   6|0x0000000081c00000, 0x0000000081d00000, 0x0000000081d00000|100%|HS|  |TAMS 0x0000000081c00000, 0x0000000081c00000| Complete 
|   7|0x0000000081d00000, 0x0000000081d00000, 0x0000000081e00000|  0%| F|  |TAMS 0x0000000081d00000, 0x0000000081d00000| Untracked 
|   8|0x0000000081e00000, 0x0000000081e00000, 0x0000000081f00000|  0%| F|  |TAMS 0x0000000081e00000, 0x0000000081e00000| Untracked 
|   9|0x0000000081f00000, 0x0000000081f00000, 0x0000000082000000|  0%| F|  |TAMS 0x0000000081f00000, 0x0000000081f00000| Untracked 
|  10|0x0000000082000000, 0x0000000082000000, 0x0000000082100000|  0%| F|  |TAMS 0x0000000082000000, 0x0000000082000000| Untracked 
|  11|0x0000000082100000, 0x0000000082100000, 0x0000000082200000|  0%| F|  |TAMS 0x0000000082100000, 0x0000000082100000| Untracked 
|  12|0x0000000082200000, 0x0000000082200000, 0x0000000082300000|  0%| F|  |TAMS 0x0000000082200000, 0x0000000082200000| Untracked 
|  13|0x0000000082300000, 0x0000000082300000, 0x0000000082400000|  0%| F|  |TAMS 0x0000000082300000, 0x0000000082300000| Untracked 
|  14|0x0000000082400000, 0x0000000082400000, 0x0000000082500000|  0%| F|  |TAMS 0x0000000082400000, 0x0000000082400000| Untracked 
|  15|0x0000000082500000, 0x0000000082500000, 0x0000000082600000|  0%| F|  |TAMS 0x0000000082500000, 0x0000000082500000| Untracked 
|  16|0x0000000082600000, 0x0000000082600000, 0x0000000082700000|  0%| F|  |TAMS 0x0000000082600000, 0x0000000082600000| Untracked 
|  17|0x0000000082700000, 0x0000000082700000, 0x0000000082800000|  0%| F|  |TAMS 0x0000000082700000, 0x0000000082700000| Untracked 
|  18|0x0000000082800000, 0x0000000082800000, 0x0000000082900000|  0%| F|  |TAMS 0x0000000082800000, 0x0000000082800000| Untracked 
|  19|0x0000000082900000, 0x0000000082900000, 0x0000000082a00000|  0%| F|  |TAMS 0x0000000082900000, 0x0000000082900000| Untracked 
|  20|0x0000000082a00000, 0x0000000082a00000, 0x0000000082b00000|  0%| F|  |TAMS 0x0000000082a00000, 0x0000000082a00000| Untracked 
|  21|0x0000000082b00000, 0x0000000082b00000, 0x0000000082c00000|  0%| F|  |TAMS 0x0000000082b00000, 0x0000000082b00000| Untracked 
|  22|0x0000000082c00000, 0x0000000082c00000, 0x0000000082d00000|  0%| F|  |TAMS 0x0000000082c00000, 0x0000000082c00000| Untracked 
|  23|0x0000000082d00000, 0x0000000082d00000, 0x0000000082e00000|  0%| F|  |TAMS 0x0000000082d00000, 0x0000000082d00000| Untracked 
|  24|0x0000000082e00000, 0x0000000082e00000, 0x0000000082f00000|  0%| F|  |TAMS 0x0000000082e00000, 0x0000000082e00000| Untracked 
|  25|0x0000000082f00000, 0x0000000082f00000, 0x0000000083000000|  0%| F|  |TAMS 0x0000000082f00000, 0x0000000082f00000| Untracked 
|  26|0x0000000083000000, 0x0000000083000000, 0x0000000083100000|  0%| F|  |TAMS 0x0000000083000000, 0x0000000083000000| Untracked 
|  27|0x0000000083100000, 0x0000000083100000, 0x0000000083200000|  0%| F|  |TAMS 0x0000000083100000, 0x0000000083100000| Untracked 
|  28|0x0000000083200000, 0x0000000083200000, 0x0000000083300000|  0%| F|  |TAMS 0x0000000083200000, 0x0000000083200000| Untracked 
|  29|0x0000000083300000, 0x0000000083300000, 0x0000000083400000|  0%| F|  |TAMS 0x0000000083300000, 0x0000000083300000| Untracked 
|  30|0x0000000083400000, 0x0000000083400000, 0x0000000083500000|  0%| F|  |TAMS 0x0000000083400000, 0x0000000083400000| Untracked 
|  31|0x0000000083500000, 0x0000000083500000, 0x0000000083600000|  0%| F|  |TAMS 0x0000000083500000, 0x0000000083500000| Untracked 
|  32|0x0000000083600000, 0x0000000083600000, 0x0000000083700000|  0%| F|  |TAMS 0x0000000083600000, 0x0000000083600000| Untracked 
|  33|0x0000000083700000, 0x0000000083700000, 0x0000000083800000|  0%| F|  |TAMS 0x0000000083700000, 0x0000000083700000| Untracked 
|  34|0x0000000083800000, 0x0000000083800000, 0x0000000083900000|  0%| F|  |TAMS 0x0000000083800000, 0x0000000083800000| Untracked 
|  35|0x0000000083900000, 0x0000000083900000, 0x0000000083a00000|  0%| F|  |TAMS 0x0000000083900000, 0x0000000083900000| Untracked 
|  36|0x0000000083a00000, 0x0000000083a00000, 0x0000000083b00000|  0%| F|  |TAMS 0x0000000083a00000, 0x0000000083a00000| Untracked 
|  37|0x0000000083b00000, 0x0000000083b00000, 0x0000000083c00000|  0%| F|  |TAMS 0x0000000083b00000, 0x0000000083b00000| Untracked 
|  38|0x0000000083c00000, 0x0000000083c00000, 0x0000000083d00000|  0%| F|  |TAMS 0x0000000083c00000, 0x0000000083c00000| Untracked 
|  39|0x0000000083d00000, 0x0000000083d00000, 0x0000000083e00000|  0%| F|  |TAMS 0x0000000083d00000, 0x0000000083d00000| Untracked 
|  40|0x0000000083e00000, 0x0000000083e00000, 0x0000000083f00000|  0%| F|  |TAMS 0x0000000083e00000, 0x0000000083e00000| Untracked 
|  41|0x0000000083f00000, 0x0000000083f00000, 0x0000000084000000|  0%| F|  |TAMS 0x0000000083f00000, 0x0000000083f00000| Untracked 
|  42|0x0000000084000000, 0x0000000084000000, 0x0000000084100000|  0%| F|  |TAMS 0x0000000084000000, 0x0000000084000000| Untracked 
|  43|0x0000000084100000, 0x0000000084100000, 0x0000000084200000|  0%| F|  |TAMS 0x0000000084100000, 0x0000000084100000| Untracked 
|  44|0x0000000084200000, 0x0000000084200000, 0x0000000084300000|  0%| F|  |TAMS 0x0000000084200000, 0x0000000084200000| Untracked 
|  45|0x0000000084300000, 0x0000000084300000, 0x0000000084400000|  0%| F|  |TAMS 0x0000000084300000, 0x0000000084300000| Untracked 
|  46|0x0000000084400000, 0x0000000084400000, 0x0000000084500000|  0%| F|  |TAMS 0x0000000084400000, 0x0000000084400000| Untracked 
|  47|0x0000000084500000, 0x0000000084500000, 0x0000000084600000|  0%| F|  |TAMS 0x0000000084500000, 0x0000000084500000| Untracked 
|  48|0x0000000084600000, 0x0000000084600000, 0x0000000084700000|  0%| F|  |TAMS 0x0000000084600000, 0x0000000084600000| Untracked 
|  49|0x0000000084700000, 0x0000000084700000, 0x0000000084800000|  0%| F|  |TAMS 0x0000000084700000, 0x0000000084700000| Untracked 
|  50|0x0000000084800000, 0x0000000084800000, 0x0000000084900000|  0%| F|  |TAMS 0x0000000084800000, 0x0000000084800000| Untracked 
|  51|0x0000000084900000, 0x0000000084900000, 0x0000000084a00000|  0%| F|  |TAMS 0x0000000084900000, 0x0000000084900000| Untracked 
|  52|0x0000000084a00000, 0x0000000084a00000, 0x0000000084b00000|  0%| F|  |TAMS 0x0000000084a00000, 0x0000000084a00000| Untracked 
|  53|0x0000000084b00000, 0x0000000084b00000, 0x0000000084c00000|  0%| F|  |TAMS 0x0000000084b00000, 0x0000000084b00000| Untracked 
|  54|0x0000000084c00000, 0x0000000084c00000, 0x0000000084d00000|  0%| F|  |TAMS 0x0000000084c00000, 0x0000000084c00000| Untracked 
|  55|0x0000000084d00000, 0x0000000084d00000, 0x0000000084e00000|  0%| F|  |TAMS 0x0000000084d00000, 0x0000000084d00000| Untracked 
|  56|0x0000000084e00000, 0x0000000084e00000, 0x0000000084f00000|  0%| F|  |TAMS 0x0000000084e00000, 0x0000000084e00000| Untracked 
|  57|0x0000000084f00000, 0x0000000084f00000, 0x0000000085000000|  0%| F|  |TAMS 0x0000000084f00000, 0x0000000084f00000| Untracked 
|  58|0x0000000085000000, 0x0000000085000000, 0x0000000085100000|  0%| F|  |TAMS 0x0000000085000000, 0x0000000085000000| Untracked 
|  59|0x0000000085100000, 0x0000000085100000, 0x0000000085200000|  0%| F|  |TAMS 0x0000000085100000, 0x0000000085100000| Untracked 
|  60|0x0000000085200000, 0x0000000085200000, 0x0000000085300000|  0%| F|  |TAMS 0x0000000085200000, 0x0000000085200000| Untracked 
|  61|0x0000000085300000, 0x0000000085300000, 0x0000000085400000|  0%| F|  |TAMS 0x0000000085300000, 0x0000000085300000| Untracked 
|  62|0x0000000085400000, 0x0000000085400000, 0x0000000085500000|  0%| F|  |TAMS 0x0000000085400000, 0x0000000085400000| Untracked 
|  63|0x0000000085500000, 0x0000000085500000, 0x0000000085600000|  0%| F|  |TAMS 0x0000000085500000, 0x0000000085500000| Untracked 
|  64|0x0000000085600000, 0x0000000085600000, 0x0000000085700000|  0%| F|  |TAMS 0x0000000085600000, 0x0000000085600000| Untracked 
|  65|0x0000000085700000, 0x0000000085700000, 0x0000000085800000|  0%| F|  |TAMS 0x0000000085700000, 0x0000000085700000| Untracked 
|  66|0x0000000085800000, 0x0000000085800000, 0x0000000085900000|  0%| F|  |TAMS 0x0000000085800000, 0x0000000085800000| Untracked 
|  67|0x0000000085900000, 0x0000000085900000, 0x0000000085a00000|  0%| F|  |TAMS 0x0000000085900000, 0x0000000085900000| Untracked 
|  68|0x0000000085a00000, 0x0000000085a00000, 0x0000000085b00000|  0%| F|  |TAMS 0x0000000085a00000, 0x0000000085a00000| Untracked 
|  69|0x0000000085b00000, 0x0000000085b00000, 0x0000000085c00000|  0%| F|  |TAMS 0x0000000085b00000, 0x0000000085b00000| Untracked 
|  70|0x0000000085c00000, 0x0000000085c00000, 0x0000000085d00000|  0%| F|  |TAMS 0x0000000085c00000, 0x0000000085c00000| Untracked 
|  71|0x0000000085d00000, 0x0000000085d00000, 0x0000000085e00000|  0%| F|  |TAMS 0x0000000085d00000, 0x0000000085d00000| Untracked 
|  72|0x0000000085e00000, 0x0000000085e00000, 0x0000000085f00000|  0%| F|  |TAMS 0x0000000085e00000, 0x0000000085e00000| Untracked 
|  73|0x0000000085f00000, 0x0000000085f00000, 0x0000000086000000|  0%| F|  |TAMS 0x0000000085f00000, 0x0000000085f00000| Untracked 
|  74|0x0000000086000000, 0x0000000086000000, 0x0000000086100000|  0%| F|  |TAMS 0x0000000086000000, 0x0000000086000000| Untracked 
|  75|0x0000000086100000, 0x0000000086100000, 0x0000000086200000|  0%| F|  |TAMS 0x0000000086100000, 0x0000000086100000| Untracked 
|  76|0x0000000086200000, 0x0000000086200000, 0x0000000086300000|  0%| F|  |TAMS 0x0000000086200000, 0x0000000086200000| Untracked 
|  77|0x0000000086300000, 0x0000000086300000, 0x0000000086400000|  0%| F|  |TAMS 0x0000000086300000, 0x0000000086300000| Untracked 
|  78|0x0000000086400000, 0x0000000086400000, 0x0000000086500000|  0%| F|  |TAMS 0x0000000086400000, 0x0000000086400000| Untracked 
|  79|0x0000000086500000, 0x0000000086500000, 0x0000000086600000|  0%| F|  |TAMS 0x0000000086500000, 0x0000000086500000| Untracked 
|  80|0x0000000086600000, 0x0000000086600000, 0x0000000086700000|  0%| F|  |TAMS 0x0000000086600000, 0x0000000086600000| Untracked 
|  81|0x0000000086700000, 0x0000000086700000, 0x0000000086800000|  0%| F|  |TAMS 0x0000000086700000, 0x0000000086700000| Untracked 
|  82|0x0000000086800000, 0x0000000086800000, 0x0000000086900000|  0%| F|  |TAMS 0x0000000086800000, 0x0000000086800000| Untracked 
|  83|0x0000000086900000, 0x0000000086900000, 0x0000000086a00000|  0%| F|  |TAMS 0x0000000086900000, 0x0000000086900000| Untracked 
|  84|0x0000000086a00000, 0x0000000086a00000, 0x0000000086b00000|  0%| F|  |TAMS 0x0000000086a00000, 0x0000000086a00000| Untracked 
|  85|0x0000000086b00000, 0x0000000086b00000, 0x0000000086c00000|  0%| F|  |TAMS 0x0000000086b00000, 0x0000000086b00000| Untracked 
|  86|0x0000000086c00000, 0x0000000086c00000, 0x0000000086d00000|  0%| F|  |TAMS 0x0000000086c00000, 0x0000000086c00000| Untracked 
|  87|0x0000000086d00000, 0x0000000086d00000, 0x0000000086e00000|  0%| F|  |TAMS 0x0000000086d00000, 0x0000000086d00000| Untracked 
|  88|0x0000000086e00000, 0x0000000086e00000, 0x0000000086f00000|  0%| F|  |TAMS 0x0000000086e00000, 0x0000000086e00000| Untracked 
|  89|0x0000000086f00000, 0x0000000086f00000, 0x0000000087000000|  0%| F|  |TAMS 0x0000000086f00000, 0x0000000086f00000| Untracked 
|  90|0x0000000087000000, 0x0000000087000000, 0x0000000087100000|  0%| F|  |TAMS 0x0000000087000000, 0x0000000087000000| Untracked 
|  91|0x0000000087100000, 0x0000000087100000, 0x0000000087200000|  0%| F|  |TAMS 0x0000000087100000, 0x0000000087100000| Untracked 
|  92|0x0000000087200000, 0x0000000087200000, 0x0000000087300000|  0%| F|  |TAMS 0x0000000087200000, 0x0000000087200000| Untracked 
|  93|0x0000000087300000, 0x0000000087300000, 0x0000000087400000|  0%| F|  |TAMS 0x0000000087300000, 0x0000000087300000| Untracked 
|  94|0x0000000087400000, 0x0000000087400000, 0x0000000087500000|  0%| F|  |TAMS 0x0000000087400000, 0x0000000087400000| Untracked 
|  95|0x0000000087500000, 0x0000000087500000, 0x0000000087600000|  0%| F|  |TAMS 0x0000000087500000, 0x0000000087500000| Untracked 
|  96|0x0000000087600000, 0x0000000087600000, 0x0000000087700000|  0%| F|  |TAMS 0x0000000087600000, 0x0000000087600000| Untracked 
|  97|0x0000000087700000, 0x0000000087700000, 0x0000000087800000|  0%| F|  |TAMS 0x0000000087700000, 0x0000000087700000| Untracked 
|  98|0x0000000087800000, 0x0000000087800000, 0x0000000087900000|  0%| F|  |TAMS 0x0000000087800000, 0x0000000087800000| Untracked 
|  99|0x0000000087900000, 0x0000000087900000, 0x0000000087a00000|  0%| F|  |TAMS 0x0000000087900000, 0x0000000087900000| Untracked 
| 100|0x0000000087a00000, 0x0000000087a00000, 0x0000000087b00000|  0%| F|  |TAMS 0x0000000087a00000, 0x0000000087a00000| Untracked 
| 101|0x0000000087b00000, 0x0000000087b00000, 0x0000000087c00000|  0%| F|  |TAMS 0x0000000087b00000, 0x0000000087b00000| Untracked 
| 102|0x0000000087c00000, 0x0000000087c00000, 0x0000000087d00000|  0%| F|  |TAMS 0x0000000087c00000, 0x0000000087c00000| Untracked 
| 103|0x0000000087d00000, 0x0000000087d00000, 0x0000000087e00000|  0%| F|  |TAMS 0x0000000087d00000, 0x0000000087d00000| Untracked 
| 104|0x0000000087e00000, 0x0000000087e00000, 0x0000000087f00000|  0%| F|  |TAMS 0x0000000087e00000, 0x0000000087e00000| Untracked 
| 105|0x0000000087f00000, 0x0000000087f00000, 0x0000000088000000|  0%| F|  |TAMS 0x0000000087f00000, 0x0000000087f00000| Untracked 
| 106|0x0000000088000000, 0x0000000088000000, 0x0000000088100000|  0%| F|  |TAMS 0x0000000088000000, 0x0000000088000000| Untracked 
| 107|0x0000000088100000, 0x0000000088100000, 0x0000000088200000|  0%| F|  |TAMS 0x0000000088100000, 0x0000000088100000| Untracked 
| 108|0x0000000088200000, 0x0000000088200000, 0x0000000088300000|  0%| F|  |TAMS 0x0000000088200000, 0x0000000088200000| Untracked 
| 109|0x0000000088300000, 0x0000000088300000, 0x0000000088400000|  0%| F|  |TAMS 0x0000000088300000, 0x0000000088300000| Untracked 
| 110|0x0000000088400000, 0x0000000088400000, 0x0000000088500000|  0%| F|  |TAMS 0x0000000088400000, 0x0000000088400000| Untracked 
| 111|0x0000000088500000, 0x0000000088500000, 0x0000000088600000|  0%| F|  |TAMS 0x0000000088500000, 0x0000000088500000| Untracked 
| 112|0x0000000088600000, 0x0000000088600000, 0x0000000088700000|  0%| F|  |TAMS 0x0000000088600000, 0x0000000088600000| Untracked 
| 113|0x0000000088700000, 0x0000000088700000, 0x0000000088800000|  0%| F|  |TAMS 0x0000000088700000, 0x0000000088700000| Untracked 
| 114|0x0000000088800000, 0x0000000088800000, 0x0000000088900000|  0%| F|  |TAMS 0x0000000088800000, 0x0000000088800000| Untracked 
| 115|0x0000000088900000, 0x0000000088900000, 0x0000000088a00000|  0%| F|  |TAMS 0x0000000088900000, 0x0000000088900000| Untracked 
| 116|0x0000000088a00000, 0x0000000088b00000, 0x0000000088b00000|100%| E|  |TAMS 0x0000000088a00000, 0x0000000088a00000| Complete 
| 117|0x0000000088b00000, 0x0000000088c00000, 0x0000000088c00000|100%| E|CS|TAMS 0x0000000088b00000, 0x0000000088b00000| Complete 
| 118|0x0000000088c00000, 0x0000000088d00000, 0x0000000088d00000|100%| E|CS|TAMS 0x0000000088c00000, 0x0000000088c00000| Complete 
| 119|0x0000000088d00000, 0x0000000088e00000, 0x0000000088e00000|100%| S|CS|TAMS 0x0000000088d00000, 0x0000000088d00000| Complete 
| 120|0x0000000088e00000, 0x0000000088f00000, 0x0000000088f00000|100%| S|CS|TAMS 0x0000000088e00000, 0x0000000088e00000| Complete 
| 121|0x0000000088f00000, 0x0000000089000000, 0x0000000089000000|100%| E|CS|TAMS 0x0000000088f00000, 0x0000000088f00000| Complete 
| 122|0x0000000089000000, 0x0000000089100000, 0x0000000089100000|100%| E|CS|TAMS 0x0000000089000000, 0x0000000089000000| Complete 
| 123|0x0000000089100000, 0x0000000089200000, 0x0000000089200000|100%| E|CS|TAMS 0x0000000089100000, 0x0000000089100000| Complete 
| 124|0x0000000089200000, 0x0000000089300000, 0x0000000089300000|100%| E|CS|TAMS 0x0000000089200000, 0x0000000089200000| Complete 
| 125|0x0000000089300000, 0x0000000089400000, 0x0000000089400000|100%| E|CS|TAMS 0x0000000089300000, 0x0000000089300000| Complete 
| 126|0x0000000089400000, 0x0000000089500000, 0x0000000089500000|100%| E|CS|TAMS 0x0000000089400000, 0x0000000089400000| Complete 
| 127|0x0000000089500000, 0x0000000089600000, 0x0000000089600000|100%| E|CS|TAMS 0x0000000089500000, 0x0000000089500000| Complete 

Card table byte_map: [0x000000095cf40000,0x000000095d340000] _byte_map_base: 0x000000095cb35000

Marking Bits (Prev, Next): (CMBitMap*) 0x000000094569f0b8, (CMBitMap*) 0x000000094569f0f8
 Prev Bits: [0x000000095d740000, 0x000000095f6e8000)
 Next Bits: [0x000000095f6f0000, 0x0000000961698000)

Polling page: 0x0000000944e10000

Metaspace:

Usage:
  Non-class:     17.14 MB capacity,    16.80 MB ( 98%) used,   293.70 KB (  2%) free+waste,    57.81 KB ( <1%) overhead. 
      Class:      2.50 MB capacity,     2.25 MB ( 90%) used,   224.99 KB (  9%) free+waste,    31.19 KB (  1%) overhead. 
       Both:     19.64 MB capacity,    19.05 MB ( 97%) used,   518.70 KB (  3%) free+waste,    89.00 KB ( <1%) overhead. 

Virtual space:
  Non-class space:       18.00 MB reserved,      17.25 MB ( 96%) committed 
      Class space:        1.00 GB reserved,       2.63 MB ( <1%) committed 
             Both:        1.02 GB reserved,      19.88 MB (  2%) committed 

Chunk freelists:
   Non-Class:  49.00 KB
       Class:  0 bytes
        Both:  49.00 KB

MaxMetaspaceSize: 17179869184.00 GB
CompressedClassSpaceSize: 1.00 GB

CodeHeap 'non-profiled nmethods': size=120000Kb used=790Kb max_used=790Kb free=119209Kb
 bounds [0x0000000955610000, 0x0000000955880000, 0x000000095cb40000]
CodeHeap 'profiled nmethods': size=120000Kb used=4383Kb max_used=4383Kb free=115616Kb
 bounds [0x000000094e0e0000, 0x000000094e530000, 0x0000000955610000]
CodeHeap 'non-nmethods': size=5760Kb used=1406Kb max_used=1421Kb free=4354Kb
 bounds [0x000000094db40000, 0x000000094ddb0000, 0x000000094e0e0000]
 total_blobs=3565 nmethods=2166 adapters=631
 compilation: enabled
              stopped_count=0, restarted_count=0
 full_count=0

Compilation events (20 events):
Event: 3.144 Thread 0x0000000963fbc800 2161  s    3       sun.font.FontManagerFactory::getInstance (25 bytes)
Event: 3.145 Thread 0x0000000963fbc800 nmethod 2161 0x000000094e524890 code [0x000000094e524aa0, 0x000000094e525160]
Event: 3.145 Thread 0x0000000963fbc800 2162       3       java.awt.Font::equals (131 bytes)
Event: 3.145 Thread 0x0000000963fbc800 nmethod 2162 0x000000094e525390 code [0x000000094e5255a0, 0x000000094e525d70]
Event: 3.145 Thread 0x0000000963fbc800 2164       3       javax.swing.GroupLayout$Spring::getMaximumSize (27 bytes)
Event: 3.146 Thread 0x0000000963fbc800 nmethod 2164 0x000000094e525f10 code [0x000000094e5260e0, 0x000000094e526530]
Event: 3.146 Thread 0x0000000963fbc800 2165       1       javax.swing.GroupLayout$ComponentSpring::getOrigin (5 bytes)
Event: 3.146 Thread 0x0000000963fbc800 nmethod 2165 0x00000009556d4c10 code [0x00000009556d4da0, 0x00000009556d4ed8]
Event: 3.146 Thread 0x0000000963fbc800 2163       3       javax.swing.plaf.synth.SynthStyle::getIcon (21 bytes)
Event: 3.146 Thread 0x0000000963fbc800 nmethod 2163 0x000000094e526610 code [0x000000094e5267e0, 0x000000094e526cd0]
Event: 3.151 Thread 0x0000000963fbc800 2167       3       javax.swing.JComponent::getX (5 bytes)
Event: 3.151 Thread 0x0000000963fbc800 nmethod 2167 0x000000094e526d90 code [0x000000094e526f40, 0x000000094e5270d8]
Event: 3.151 Thread 0x0000000963fbc800 2168       3       javax.swing.JComponent::getY (5 bytes)
Event: 3.151 Thread 0x0000000963fbc800 nmethod 2168 0x000000094e527190 code [0x000000094e527340, 0x000000094e5274d8]
Event: 3.154 Thread 0x0000000963fbc800 2169       1       java.awt.Image::getAccelerationPriority (5 bytes)
Event: 3.154 Thread 0x0000000963fbc800 nmethod 2169 0x00000009556d5390 code [0x00000009556d5520, 0x00000009556d5658]
Event: 3.154 Thread 0x0000000963fbc800 2170       1       sun.java2d.SurfaceData::getColorModel (5 bytes)
Event: 3.154 Thread 0x0000000963fbc800 nmethod 2170 0x00000009556d5710 code [0x00000009556d58a0, 0x00000009556d59d8]
Event: 3.154 Thread 0x0000000963fbc800 2171       3       java.awt.geom.AffineTransform::equals (92 bytes)
Event: 3.155 Thread 0x0000000963fbc800 nmethod 2171 0x000000094e527590 code [0x000000094e527760, 0x000000094e527dd8]

GC Heap History (4 events):
Event: 2.209 GC heap before
{Heap before GC invocations=0 (full 0):
 garbage-first heap   total 131072K, used 15360K [0x0000000081600000, 0x0000000100000000)
  region size 1024K, 14 young (14336K), 0 survivors (0K)
 Metaspace       used 12201K, capacity 12560K, committed 12672K, reserved 1060864K
  class space    used 1390K, capacity 1553K, committed 1664K, reserved 1048576K
}
Event: 2.216 GC heap after
{Heap after GC invocations=1 (full 0):
 garbage-first heap   total 131072K, used 4907K [0x0000000081600000, 0x0000000100000000)
  region size 1024K, 2 young (2048K), 2 survivors (2048K)
 Metaspace       used 12201K, capacity 12560K, committed 12672K, reserved 1060864K
  class space    used 1390K, capacity 1553K, committed 1664K, reserved 1048576K
}
Event: 2.447 GC heap before
{Heap before GC invocations=1 (full 0):
 garbage-first heap   total 131072K, used 12075K [0x0000000081600000, 0x0000000100000000)
  region size 1024K, 9 young (9216K), 2 survivors (2048K)
 Metaspace       used 14690K, capacity 15141K, committed 15232K, reserved 1062912K
  class space    used 1655K, capacity 1834K, committed 1920K, reserved 1048576K
}
Event: 2.456 GC heap after
{Heap after GC invocations=2 (full 0):
 garbage-first heap   total 131072K, used 7288K [0x0000000081600000, 0x0000000100000000)
  region size 1024K, 2 young (2048K), 2 survivors (2048K)
 Metaspace       used 14690K, capacity 15141K, committed 15232K, reserved 1062912K
  class space    used 1655K, capacity 1834K, committed 1920K, reserved 1048576K
}

Deoptimization events (20 events):
Event: 2.927 Thread 0x0000000965b8e800 DEOPT PACKING pc=0x000000095561da44 sp=0x0000000966d0d150
Event: 2.927 Thread 0x0000000965b8e800 DEOPT UNPACKING pc=0x000000094db8912f sp=0x0000000966d0d0f8 mode 2
Event: 2.929 Thread 0x0000000965b8e800 Uncommon trap: trap_request=0xffffffde fr.pc=0x000000095561da44 relative=0x00000000000001a4
Event: 2.929 Thread 0x0000000965b8e800 Uncommon trap: reason=class_check action=maybe_recompile pc=0x000000095561da44 method=java.lang.String.equals(Ljava/lang/Object;)Z @ 8 c2
Event: 2.929 Thread 0x0000000965b8e800 DEOPT PACKING pc=0x000000095561da44 sp=0x0000000966d0d320
Event: 2.929 Thread 0x0000000965b8e800 DEOPT UNPACKING pc=0x000000094db8912f sp=0x0000000966d0d2c8 mode 2
Event: 3.108 Thread 0x0000000965b8e800 Uncommon trap: trap_request=0xffffff76 fr.pc=0x00000009556525cc relative=0x000000000000056c
Event: 3.108 Thread 0x0000000965b8e800 Uncommon trap: reason=predicate action=maybe_recompile pc=0x00000009556525cc method=java.awt.LinearGradientPaintContext.fillRaster([IIIIIII)V @ 53 c2
Event: 3.108 Thread 0x0000000965b8e800 DEOPT PACKING pc=0x00000009556525cc sp=0x0000000966d0c400
Event: 3.108 Thread 0x0000000965b8e800 DEOPT UNPACKING pc=0x000000094db8912f sp=0x0000000966d0c378 mode 2
Event: 3.108 Thread 0x0000000965b8e800 Uncommon trap: trap_request=0xffffff45 fr.pc=0x000000095564a234 relative=0x00000000000002d4
Event: 3.108 Thread 0x0000000965b8e800 Uncommon trap: reason=unstable_if action=reinterpret pc=0x000000095564a234 method=java.awt.MultipleGradientPaintContext.indexIntoGradientsArrays(F)I @ 93 c2
Event: 3.108 Thread 0x0000000965b8e800 DEOPT PACKING pc=0x000000095564a234 sp=0x0000000966d0c350
Event: 3.108 Thread 0x0000000965b8e800 DEOPT UNPACKING pc=0x000000094db8912f sp=0x0000000966d0c2e8 mode 2
Event: 3.109 Thread 0x0000000965b8e800 Uncommon trap: trap_request=0xffffff45 fr.pc=0x0000000955650868 relative=0x00000000000009e8
Event: 3.109 Thread 0x0000000965b8e800 Uncommon trap: reason=unstable_if action=reinterpret pc=0x0000000955650868 method=java.awt.MultipleGradientPaintContext.indexIntoGradientsArrays(F)I @ 93 c2
Event: 3.109 Thread 0x0000000965b8e800 DEOPT PACKING pc=0x0000000955650868 sp=0x0000000966d0c3e0
Event: 3.109 Thread 0x0000000965b8e800 DEOPT UNPACKING pc=0x000000094db8912f sp=0x0000000966d0c2f0 mode 2
Event: 3.152 Thread 0x0000000965b8e800 DEOPT PACKING pc=0x000000094e268e90 sp=0x0000000966d0d360
Event: 3.152 Thread 0x0000000965b8e800 DEOPT UNPACKING pc=0x000000094db8964e sp=0x0000000966d0c740 mode 0

Classes unloaded (0 events):
No events

Classes redefined (0 events):
No events

Internal exceptions (20 events):
Event: 2.205 Thread 0x0000000965b8e800 Exception <a 'java/lang/NoSuchMethodError'{0x00000000888eb3b8}: 'void java.lang.invoke.DirectMethodHandle$Holder.invokeStaticInit(java.lang.Object, java.lang.Object)'> (0x00000000888eb3b8) 
thrown [t:/workspace/open/src/hotspot/share/interpreter/linkResolver.cpp, line 767]
Event: 2.407 Thread 0x0000000965b8e800 Exception <a 'java/lang/NoSuchMethodError'{0x0000000088f3fc30}: 'java.lang.Object java.lang.invoke.DirectMethodHandle$Holder.invokeStaticInit(java.lang.Object, int, int, int, int)'> (0x0000000088f3fc30) 
thrown [t:/workspace/open/src/hotspot/share/interpreter/linkResolver.cpp, line 767]
Event: 2.408 Thread 0x0000000965b8e800 Exception <a 'sun/nio/fs/WindowsException'{0x0000000088f45828}> (0x0000000088f45828) 
thrown [t:/workspace/open/src/hotspot/share/prims/jni.cpp, line 598]
Event: 2.417 Thread 0x0000000965b8e800 Exception <a 'java/lang/NoSuchMethodError'{0x0000000088f67670}: 'int java.lang.invoke.DirectMethodHandle$Holder.invokeStaticInit(java.lang.Object, java.lang.Object, java.lang.Object, java.lang.Object)'> (0x0000000088f67670) 
thrown [t:/workspace/open/src/hotspot/share/interpreter/linkResolver.cpp, line 767]
Event: 2.418 Thread 0x0000000965b8e800 Exception <a 'java/lang/IncompatibleClassChangeError'{0x0000000088f6ff80}: Found class java.lang.Object, but interface was expected> (0x0000000088f6ff80) 
thrown [t:/workspace/open/src/hotspot/share/interpreter/linkResolver.cpp, line 833]
Event: 2.419 Thread 0x0000000965b8e800 Exception <a 'java/lang/NoSuchMethodError'{0x0000000088f753f8}: 'int java.lang.invoke.DirectMethodHandle$Holder.invokeStaticInit(java.lang.Object, java.lang.Object)'> (0x0000000088f753f8) 
thrown [t:/workspace/open/src/hotspot/share/interpreter/linkResolver.cpp, line 767]
Event: 2.624 Thread 0x0000000965b8e800 Exception <a 'java/lang/NoSuchMethodError'{0x000000008932fe18}: 'java.lang.Object java.lang.invoke.DirectMethodHandle$Holder.invokeStaticInit(java.lang.Object, java.lang.Object, int, int, int, int)'> (0x000000008932fe18) 
thrown [t:/workspace/open/src/hotspot/share/interpreter/linkResolver.cpp, line 767]
Event: 2.999 Thread 0x0000000965b8e800 Exception <a 'java/lang/NoSuchMethodError'{0x0000000088c213e8}: 'java.lang.Object java.lang.invoke.Invokers$Holder.linkToTargetMethod(java.lang.Object, int, int, java.lang.Object)'> (0x0000000088c213e8) 
thrown [t:/workspace/open/src/hotspot/share/interpreter/linkResolver.cpp, line 767]
Event: 3.008 Thread 0x0000000965b8e800 Exception <a 'java/lang/NoSuchMethodError'{0x0000000088c53920}: 'java.lang.Object java.lang.invoke.DirectMethodHandle$Holder.invokeStatic(java.lang.Object, java.lang.Object, java.lang.Object, java.lang.Object, java.lang.Object, java.lang.Object, java.lang.Object, java.lang.Object, java.lang.Object, java.lang.Object, java.lang.Object, java.lang.Object, java.lang.Object, java.lang.Object, java.lang.Object)'> (0x0000000088c53920) 
thrown [t:/workspace/open/src/hotspot/share/interpreter/linkResolver.cpp, line 
Event: 3.009 Thread 0x0000000965b8e800 Exception <a 'java/lang/NoSuchMethodError'{0x0000000088c60120}: 'java.lang.Object java.lang.invoke.DirectMethodHandle$Holder.invokeStatic(java.lang.Object, java.lang.Object, java.lang.Object, java.lang.Object, java.lang.Object, java.lang.Object, java.lang.Object, java.lang.Object, java.lang.Object, java.lang.Object, java.lang.Object, java.lang.Object, java.lang.Object, java.lang.Object, java.lang.Object, java.lang.Object)'> (0x0000000088c60120) 
thrown [t:/workspace/open/src/hotspot/share/interpreter/linkR
Event: 3.010 Thread 0x0000000965b8e800 Exception <a 'java/lang/NoSuchMethodError'{0x0000000088c6c908}: 'java.lang.Object java.lang.invoke.DirectMethodHandle$Holder.invokeSpecial(java.lang.Object, java.lang.Object, long, int, int, int, java.lang.Object, java.lang.Object, java.lang.Object, java.lang.Object, int)'> (0x0000000088c6c908) 
thrown [t:/workspace/open/src/hotspot/share/interpreter/linkResolver.cpp, line 767]
Event: 3.010 Thread 0x0000000965b8e800 Exception <a 'java/lang/NoSuchMethodError'{0x0000000088c700a0}: 'java.lang.Object java.lang.invoke.DelegatingMethodHandle$Holder.reinvoke_L(java.lang.Object, long, int, int, int, java.lang.Object, java.lang.Object, java.lang.Object, java.lang.Object, int)'> (0x0000000088c700a0) 
thrown [t:/workspace/open/src/hotspot/share/interpreter/linkResolver.cpp, line 767]
Event: 3.019 Thread 0x0000000965b8e800 Exception <a 'java/lang/NoSuchMethodError'{0x0000000088ccefb0}: 'java.lang.Object java.lang.invoke.DirectMethodHandle$Holder.invokeSpecial(java.lang.Object, java.lang.Object, long, java.lang.Object, int, int, int, int, java.lang.Object, java.lang.Object, java.lang.Object)'> (0x0000000088ccefb0) 
thrown [t:/workspace/open/src/hotspot/share/interpreter/linkResolver.cpp, line 767]
Event: 3.019 Thread 0x0000000965b8e800 Exception <a 'java/lang/NoSuchMethodError'{0x0000000088cd2748}: 'java.lang.Object java.lang.invoke.DelegatingMethodHandle$Holder.reinvoke_L(java.lang.Object, long, java.lang.Object, int, int, int, int, java.lang.Object, java.lang.Object, java.lang.Object)'> (0x0000000088cd2748) 
thrown [t:/workspace/open/src/hotspot/share/interpreter/linkResolver.cpp, line 767]
Event: 3.033 Thread 0x0000000965b8e800 Exception <a 'java/lang/NoSuchMethodError'{0x0000000088b2dac8}: 'java.lang.Object java.lang.invoke.DirectMethodHandle$Holder.invokeSpecial(java.lang.Object, java.lang.Object, long, java.lang.Object, java.lang.Object, java.lang.Object, java.lang.Object, int, java.lang.Object, java.lang.Object, java.lang.Object)'> (0x0000000088b2dac8) 
thrown [t:/workspace/open/src/hotspot/share/interpreter/linkResolver.cpp, line 767]
Event: 3.034 Thread 0x0000000965b8e800 Exception <a 'java/lang/NoSuchMethodError'{0x0000000088b31508}: 'java.lang.Object java.lang.invoke.DelegatingMethodHandle$Holder.reinvoke_L(java.lang.Object, long, java.lang.Object, java.lang.Object, java.lang.Object, java.lang.Object, int, java.lang.Object, java.lang.Object, java.lang.Object)'> (0x0000000088b31508) 
thrown [t:/workspace/open/src/hotspot/share/interpreter/linkResolver.cpp, line 767]
Event: 3.047 Thread 0x0000000965b8e800 Exception <a 'java/lang/NoSuchMethodError'{0x0000000088ba3628}: 'java.lang.Object java.lang.invoke.DelegatingMethodHandle$Holder.reinvoke_L(java.lang.Object, java.lang.Object, long, java.lang.Object, java.lang.Object, java.lang.Object, java.lang.Object, int, int, java.lang.Object, java.lang.Object, int, int, java.lang.Object, java.lang.Object, java.lang.Object, java.lang.Object, java.lang.Object)'> (0x0000000088ba3628) 
thrown [t:/workspace/open/src/hotspot/share/interpreter/linkResolver.cpp, line 767]
Event: 3.058 Thread 0x0000000965b8e800 Exception <a 'java/lang/NoSuchMethodError'{0x0000000088be2d58}: 'java.lang.Object java.lang.invoke.DirectMethodHandle$Holder.invokeSpecial(java.lang.Object, java.lang.Object, long, java.lang.Object, java.lang.Object, java.lang.Object, java.lang.Object, int, int, java.lang.Object, java.lang.Object, int, int, java.lang.Object, java.lang.Object, java.lang.Object, java.lang.Object, java.lang.Object)'> (0x0000000088be2d58) 
thrown [t:/workspace/open/src/hotspot/share/interpreter/linkResolver.cpp, line 767]
Event: 3.059 Thread 0x0000000965b8e800 Exception <a 'java/lang/NoSuchMethodError'{0x0000000088be6ec8}: 'java.lang.Object java.lang.invoke.DelegatingMethodHandle$Holder.reinvoke_L(java.lang.Object, long, java.lang.Object, java.lang.Object, java.lang.Object, java.lang.Object, int, int, java.lang.Object, java.lang.Object, int, int, java.lang.Object, java.lang.Object, java.lang.Object, java.lang.Object, java.lang.Object)'> (0x0000000088be6ec8) 
thrown [t:/workspace/open/src/hotspot/share/interpreter/linkResolver.cpp, line 767]
Event: 3.064 Thread 0x0000000965b8e800 Exception <a 'java/lang/NoSuchMethodError'{0x0000000088a150b0}: 'java.lang.Object java.lang.invoke.DelegatingMethodHandle$Holder.reinvoke_L(java.lang.Object, java.lang.Object, java.lang.Object, java.lang.Object, java.lang.Object, int, int, java.lang.Object, java.lang.Object, int, int, java.lang.Object, java.lang.Object, java.lang.Object, java.lang.Object, java.lang.Object)'> (0x0000000088a150b0) 
thrown [t:/workspace/open/src/hotspot/share/interpreter/linkResolver.cpp, line 767]

Events (20 events):
Event: 3.009 loading class java/lang/invoke/BoundMethodHandle$Species_LLLLLLLLLLLLL
Event: 3.009 loading class java/lang/invoke/BoundMethodHandle$Species_LLLLLLLLLLLLL done
Event: 3.026 Executing VM operation: RevokeBias
Event: 3.026 Executing VM operation: RevokeBias done
Event: 3.065 loading class itp/reservation/model/RoomReservation
Event: 3.065 loading class itp/reservation/model/RoomReservation done
Event: 3.077 Executing VM operation: RevokeBias
Event: 3.077 Executing VM operation: RevokeBias done
Event: 3.089 loading class java/awt/Window$1DisposeAction
Event: 3.089 loading class java/awt/Window$1DisposeAction done
Event: 3.090 loading class java/awt/KeyboardFocusManager$2
Event: 3.090 loading class java/awt/KeyboardFocusManager$2 done
Event: 3.097 loading class java/awt/LightweightDispatcher$2
Event: 3.097 loading class java/awt/LightweightDispatcher$2 done
Event: 3.147 loading class javax/swing/RepaintManager$3
Event: 3.147 loading class javax/swing/RepaintManager$3 done
Event: 3.148 Loaded shared library C:\Program Files\java\jdk-13.0.2\bin\java.dll
Event: 3.149 Loaded shared library C:\Program Files\java\jdk-13.0.2\bin\java.dll
Event: 3.149 Loaded shared library C:\Program Files\java\jdk-13.0.2\bin\java.dll
Event: 3.150 Loaded shared library C:\Program Files\java\jdk-13.0.2\bin\java.dll


Dynamic libraries:
0x00007ff61f320000 - 0x00007ff61f32f000 	C:\Program Files\java\jdk-13.0.2\bin\java.exe
0x00007ffbcc7c0000 - 0x00007ffbcc96d000 	C:\Windows\SYSTEM32\ntdll.dll
0x00007ffbcbd80000 - 0x00007ffbcbebe000 	C:\Windows\system32\KERNEL32.DLL
0x00007ffbc9b40000 - 0x00007ffbc9c55000 	C:\Windows\system32\KERNELBASE.dll
0x00007ffba1fd0000 - 0x00007ffba1fe8000 	C:\Program Files\java\jdk-13.0.2\bin\jli.dll
0x00007ffbc0da0000 - 0x00007ffbc0db5000 	C:\Program Files\java\jdk-13.0.2\bin\VCRUNTIME140.dll
0x00007ffbc1a80000 - 0x00007ffbc1a84000 	C:\Program Files\java\jdk-13.0.2\bin\api-ms-win-crt-stdio-l1-1-0.dll
0x00007ffbbc4c0000 - 0x00007ffbbc4c4000 	C:\Program Files\java\jdk-13.0.2\bin\api-ms-win-crt-runtime-l1-1-0.dll
0x00007ffba2a70000 - 0x00007ffba2a73000 	C:\Program Files\java\jdk-13.0.2\bin\api-ms-win-crt-environment-l1-1-0.dll
0x00007ffba2930000 - 0x00007ffba2935000 	C:\Program Files\java\jdk-13.0.2\bin\api-ms-win-crt-math-l1-1-0.dll
0x00007ffba1970000 - 0x00007ffba1973000 	C:\Program Files\java\jdk-13.0.2\bin\api-ms-win-crt-locale-l1-1-0.dll
0x00007ffba1e70000 - 0x00007ffba1e73000 	C:\Program Files\java\jdk-13.0.2\bin\api-ms-win-crt-heap-l1-1-0.dll
0x00007ffbcc330000 - 0x00007ffbcc3da000 	C:\Windows\system32\ADVAPI32.dll
0x00007ffbc5df0000 - 0x00007ffbc606a000 	C:\Windows\WinSxS\amd64_microsoft.windows.common-controls_6595b64144ccf1df_6.0.9600.17810_none_6240b9c7ecbd0bda\COMCTL32.dll
0x00007ffbcbec0000 - 0x00007ffbcc037000 	C:\Windows\system32\USER32.dll
0x00007ffbc45f0000 - 0x00007ffbc45fa000 	C:\Windows\SYSTEM32\VERSION.dll
0x00007ffba2370000 - 0x00007ffba2373000 	C:\Program Files\java\jdk-13.0.2\bin\api-ms-win-crt-filesystem-l1-1-0.dll
0x00007ffbc0d70000 - 0x00007ffbc0d74000 	C:\Program Files\java\jdk-13.0.2\bin\api-ms-win-crt-string-l1-1-0.dll
0x00007ffba35e0000 - 0x00007ffba35e4000 	C:\Program Files\java\jdk-13.0.2\bin\api-ms-win-crt-convert-l1-1-0.dll
0x00007ffbca240000 - 0x00007ffbca2ea000 	C:\Windows\system32\msvcrt.dll
0x00007ffbca640000 - 0x00007ffbca699000 	C:\Windows\SYSTEM32\sechost.dll
0x00007ffbc9ed0000 - 0x00007ffbca011000 	C:\Windows\system32\RPCRT4.dll
0x00007ffbcc670000 - 0x00007ffbcc7bb000 	C:\Windows\system32\GDI32.dll
0x00007ffb98550000 - 0x00007ffb9864c000 	C:\Program Files\java\jdk-13.0.2\bin\ucrtbase.DLL
0x00007ffbcc3e0000 - 0x00007ffbcc416000 	C:\Windows\system32\IMM32.DLL
0x00007ffbca020000 - 0x00007ffbca172000 	C:\Windows\system32\MSCTF.dll
0x00007ffb98b60000 - 0x00007ffb98bfb000 	C:\Program Files\java\jdk-13.0.2\bin\msvcp140.dll
0x00007ffba1e80000 - 0x00007ffba1e83000 	C:\Program Files\java\jdk-13.0.2\bin\api-ms-win-crt-time-l1-1-0.dll
0x00007ffba2a60000 - 0x00007ffba2a63000 	C:\Program Files\java\jdk-13.0.2\bin\api-ms-win-crt-utility-l1-1-0.dll
0x00007ffb72930000 - 0x00007ffb7348d000 	C:\Program Files\java\jdk-13.0.2\bin\server\jvm.dll
0x00007ffbbe710000 - 0x00007ffbbe719000 	C:\Windows\SYSTEM32\WSOCK32.dll
0x00007ffbc66c0000 - 0x00007ffbc66e2000 	C:\Windows\SYSTEM32\WINMM.dll
0x00007ffbcc660000 - 0x00007ffbcc667000 	C:\Windows\system32\PSAPI.DLL
0x00007ffbcc420000 - 0x00007ffbcc47a000 	C:\Windows\system32\WS2_32.dll
0x00007ffbc6690000 - 0x00007ffbc66ba000 	C:\Windows\SYSTEM32\WINMMBASE.dll
0x00007ffbca2f0000 - 0x00007ffbca2f9000 	C:\Windows\system32\NSI.dll
0x00007ffbc9af0000 - 0x00007ffbc9b3f000 	C:\Windows\SYSTEM32\cfgmgr32.dll
0x00007ffbc86f0000 - 0x00007ffbc8718000 	C:\Windows\SYSTEM32\DEVOBJ.dll
0x00007ffba1b20000 - 0x00007ffba1b30000 	C:\Program Files\java\jdk-13.0.2\bin\verify.dll
0x00007ffbacfe0000 - 0x00007ffbad16a000 	C:\Windows\SYSTEM32\DBGHELP.DLL
0x00007ffb9a8f0000 - 0x00007ffb9a916000 	C:\Program Files\java\jdk-13.0.2\bin\java.dll
0x00007ffba0f20000 - 0x00007ffba0f37000 	C:\Program Files\java\jdk-13.0.2\bin\zip.dll
0x00007ffba1a90000 - 0x00007ffba1a9a000 	C:\Program Files\java\jdk-13.0.2\bin\jimage.dll
0x00007ffbca6a0000 - 0x00007ffbcbbc9000 	C:\Windows\system32\SHELL32.dll
0x00007ffbcc110000 - 0x00007ffbcc322000 	C:\Windows\SYSTEM32\combase.dll
0x00007ffbca4b0000 - 0x00007ffbca504000 	C:\Windows\system32\SHLWAPI.dll
0x00007ffbc6270000 - 0x00007ffbc6322000 	C:\Windows\SYSTEM32\SHCORE.dll
0x00007ffbc9910000 - 0x00007ffbc9925000 	C:\Windows\SYSTEM32\profapi.dll
0x00007ffba0940000 - 0x00007ffba0959000 	C:\Program Files\java\jdk-13.0.2\bin\net.dll
0x00007ffbc2900000 - 0x00007ffbc29c9000 	C:\Windows\SYSTEM32\WINHTTP.dll
0x00007ffbc9110000 - 0x00007ffbc9169000 	C:\Windows\system32\mswsock.dll
0x00007ffb9a8d0000 - 0x00007ffb9a8e3000 	C:\Program Files\java\jdk-13.0.2\bin\nio.dll
0x00007ffb97110000 - 0x00007ffb972a9000 	C:\Program Files\java\jdk-13.0.2\bin\awt.dll
0x00007ffbcc040000 - 0x00007ffbcc106000 	C:\Windows\system32\OLEAUT32.dll
0x00007ffbc84a0000 - 0x00007ffbc852e000 	C:\Windows\system32\apphelp.dll
0x00007ffbc8570000 - 0x00007ffbc8699000 	C:\Windows\system32\uxtheme.dll
0x00007ffb96c10000 - 0x00007ffb96c97000 	C:\Program Files (x86)\TeamViewer\tv_x64.dll
0x00007ffbca300000 - 0x00007ffbca494000 	C:\Windows\system32\ole32.dll
0x00007ffbc6070000 - 0x00007ffbc6091000 	C:\Windows\system32\dwmapi.dll
0x00007ffbc8740000 - 0x00007ffbc874b000 	C:\Windows\SYSTEM32\kernel.appcore.dll
0x00007ffbc9880000 - 0x00007ffbc988b000 	C:\Windows\SYSTEM32\CRYPTBASE.dll
0x00007ffbc9710000 - 0x00007ffbc9773000 	C:\Windows\SYSTEM32\bcryptPrimitives.dll
0x00007ffb96ca0000 - 0x00007ffb96d22000 	C:\Program Files\java\jdk-13.0.2\bin\freetype.dll
0x00007ffb94d00000 - 0x00007ffb94da6000 	C:\Program Files\java\jdk-13.0.2\bin\fontmanager.dll
0x00007ffb99850000 - 0x00007ffb9997b000 	C:\Windows\system32\opengl32.dll
0x00007ffb97610000 - 0x00007ffb9763e000 	C:\Windows\SYSTEM32\GLU32.dll
0x00007ffbc1cc0000 - 0x00007ffbc1db8000 	C:\Windows\SYSTEM32\DDRAW.dll
0x00007ffbc6af0000 - 0x00007ffbc6af9000 	C:\Windows\SYSTEM32\DCIMAN32.dll
0x00007ffba1fa0000 - 0x00007ffba1fcd000 	C:\Program Files\java\jdk-13.0.2\bin\javajpeg.dll
0x00007ffbc8f10000 - 0x00007ffbc8fb4000 	C:\Windows\SYSTEM32\DNSAPI.dll
0x00007ffba4840000 - 0x00007ffba484a000 	C:\Windows\System32\rasadhlp.dll
0x00007ffbc0e00000 - 0x00007ffbc0e6b000 	C:\Windows\System32\fwpuclnt.dll
0x00007ffb912f0000 - 0x00007ffb91315000 	C:\Program Files\java\jdk-13.0.2\bin\sunec.dll
0x00007ffbc9170000 - 0x00007ffbc9190000 	C:\Windows\SYSTEM32\CRYPTSP.dll
0x00007ffbc8d90000 - 0x00007ffbc8dc6000 	C:\Windows\system32\rsaenh.dll
0x00007ffbc9410000 - 0x00007ffbc9436000 	C:\Windows\SYSTEM32\bcrypt.dll
0x00007ffbc8ea0000 - 0x00007ffbc8ec1000 	C:\Windows\SYSTEM32\USERENV.dll
0x00007ffbc4390000 - 0x00007ffbc43ba000 	C:\Windows\SYSTEM32\IPHLPAPI.DLL
0x00007ffbc4380000 - 0x00007ffbc438a000 	C:\Windows\SYSTEM32\WINNSI.DLL
0x00007ffbc1030000 - 0x00007ffbc1046000 	C:\Windows\SYSTEM32\dhcpcsvc6.DLL
0x00007ffbc11a0000 - 0x00007ffbc11ba000 	C:\Windows\SYSTEM32\dhcpcsvc.DLL
0x00007ffbc0c50000 - 0x00007ffbc0c5e000 	C:\Program Files\java\jdk-13.0.2\bin\sunmscapi.dll
0x00007ffbc9c60000 - 0x00007ffbc9e3f000 	C:\Windows\system32\CRYPT32.dll
0x00007ffbc9390000 - 0x00007ffbc93b5000 	C:\Windows\SYSTEM32\ncrypt.dll
0x00007ffbc99c0000 - 0x00007ffbc99d1000 	C:\Windows\system32\MSASN1.dll
0x00007ffbc9350000 - 0x00007ffbc9387000 	C:\Windows\SYSTEM32\NTASN1.dll

dbghelp: loaded successfully - version: 4.0.5 - missing functions: none
symbol engine: initialized successfully - sym options: 0x614 - pdb path: .;C:\Program Files\java\jdk-13.0.2\bin;C:\Windows\SYSTEM32;C:\Windows\WinSxS\amd64_microsoft.windows.common-controls_6595b64144ccf1df_6.0.9600.17810_none_6240b9c7ecbd0bda;C:\Program Files\java\jdk-13.0.2\bin\server;C:\Program Files (x86)\TeamViewer

VM Arguments:
jvm_args: -Dfile.encoding=UTF-8 --module-path=C:\Users\SHADOWRATH\Documents\NetBeansProjects\ITP-Reservation\build\classes 
java_command: itp.reservation.ReservationHome
java_class_path (initial): C:\Users\SHADOWRATH\Desktop\Y2\lib\jcalendar-1.4.jar;C:\Users\SHADOWRATH\Desktop\Java\sqlitejdbc-v056.jar;C:\Users\SHADOWRATH\Desktop\Java\mysql-connector-java-8.0.21\mysql-connector-java-8.0.21.jar;C:\Users\SHADOWRATH\Documents\NetBeansProjects\ITP-Reservation\build\classes
Launcher Type: SUN_STANDARD

[Global flags]
     intx CICompilerCount                          = 3                                         {product} {ergonomic}
     uint ConcGCThreads                            = 1                                         {product} {ergonomic}
     uint G1ConcRefinementThreads                  = 4                                         {product} {ergonomic}
   size_t G1HeapRegionSize                         = 1048576                                   {product} {ergonomic}
    uintx GCDrainStackTargetSize                   = 64                                        {product} {ergonomic}
   size_t InitialHeapSize                          = 134217728                                 {product} {ergonomic}
   size_t MarkStackSize                            = 4194304                                   {product} {ergonomic}
   size_t MaxHeapSize                              = 2124414976                                {product} {ergonomic}
   size_t MaxNewSize                               = 1274019840                                {product} {ergonomic}
   size_t MinHeapDeltaBytes                        = 1048576                                   {product} {ergonomic}
   size_t MinHeapSize                              = 8388608                                   {product} {ergonomic}
    uintx NonNMethodCodeHeapSize                   = 5832780                                {pd product} {ergonomic}
    uintx NonProfiledCodeHeapSize                  = 122912730                              {pd product} {ergonomic}
    uintx ProfiledCodeHeapSize                     = 122912730                              {pd product} {ergonomic}
    uintx ReservedCodeCacheSize                    = 251658240                              {pd product} {ergonomic}
     bool SegmentedCodeCache                       = true                                      {product} {ergonomic}
   size_t SoftMaxHeapSize                          = 2124414976                             {manageable} {ergonomic}
     bool UseCompressedClassPointers               = true                                 {lp64_product} {ergonomic}
     bool UseCompressedOops                        = true                                 {lp64_product} {ergonomic}
     bool UseG1GC                                  = true                                      {product} {ergonomic}
     bool UseLargePagesIndividualAllocation        = false                                  {pd product} {ergonomic}

Logging:
Log output configuration:
 #0: stdout all=warning uptime,level,tags
 #1: stderr all=off uptime,level,tags

Environment Variables:
PATH=C:\Program Files\Microsoft MPI\Bin\;C:\Program Files\Dell\DW WLAN Card;C:\Windows\system32;C:\Windows;C:\Windows\System32\Wbem;C:\Windows\System32\WindowsPowerShell\v1.0\;C:\Program Files\WIDCOMM\Bluetooth Software\;C:\Program Files\WIDCOMM\Bluetooth Software\syswow64;C:\Program Files (x86)\NVIDIA Corporation\PhysX\Common;C:\Program Files\Microsoft SQL Server\Client SDK\ODBC\130\Tools\Binn\;C:\Program Files (x86)\Microsoft SQL Server\140\Tools\Binn\;C:\Program Files\Microsoft SQL Server\140\Tools\Binn\;C:\Program Files\Microsoft SQL Server\140\DTS\Binn\;C:\Program Files (x86)\Microsoft SQL Server\150\DTS\Binn\;C:\Program Files (x86)\Microsoft SQL Server\140\DTS\Binn\;C:\Program Files\NVIDIA Corporation\NVIDIA NvDLISR\;C:\Program Files\Java\jdk13\bin;C:\Program Files\NVIDIA Corporation\NVIDIA NvDLISR;C:\Program Files\Git\cmd;C:\Users\SHADOWRATH\AppData\Local\Programs\Python\Python38\Scripts\;C:\Users\SHADOWRATH\AppData\Local\Programs\Python\Python38\;C:\Program Files\MySQL\MySQL Shell 8.0\bin\;C:\Program Files\java\jdk-13.0.2\bin
USERNAME=SHADOWRATH
OS=Windows_NT
PROCESSOR_IDENTIFIER=Intel64 Family 6 Model 61 Stepping 4, GenuineIntel



---------------  S Y S T E M  ---------------

OS: Windows 8.1 , 64 bit Build 9600 (6.3.9600.17415)

CPU:total 4 (initial active 4) (2 cores per cpu, 2 threads per core) family 6 model 61 stepping 4, cmov, cx8, fxsr, mmx, sse, sse2, sse3, ssse3, sse4.1, sse4.2, popcnt, avx, avx2, aes, clmul, erms, 3dnowpref, lzcnt, ht, tsc, tscinvbit, bmi1, bmi2, adx, fma

Memory: 4k page, system-wide physical 8103M (937M free)
TotalPageFile size 11103M (AvailPageFile size 4M)
current process WorkingSet (physical memory assigned to process): 111M, peak: 111M
current process commit charge ("private bytes"): 251M, peak: 252M

vm_info: Java HotSpot(TM) 64-Bit Server VM (13.0.2+8) for windows-amd64 JRE (13.0.2+8), built on Dec 11 2019 09:20:33 by "mach5one" with unknown MS VC++:1916

END.
