#
# There is insufficient memory for the Java Runtime Environment to continue.
# Native memory allocation (mmap) failed to map 134217728 bytes for Failed to commit area from 0x0000000081600000 to 0x0000000089600000 of length 134217728.
# Possible reasons:
#   The system is out of physical RAM or swap space
#   The process is running with CompressedOops enabled, and the Java Heap may be blocking the growth of the native heap
# Possible solutions:
#   Reduce memory load on the system
#   Increase physical memory or swap space
#   Check if swap backing store is full
#   Decrease Java heap size (-Xmx/-Xms)
#   Decrease number of Java threads
#   Decrease Java thread stack sizes (-Xss)
#   Set larger code cache with -XX:ReservedCodeCacheSize=
# This output file may be truncated or incomplete.
#
#  Out of Memory Error (t:/workspace/open/src/hotspot/os/windows/os_windows.cpp:3301), pid=11180, tid=12268
#
# JRE version:  (13.0.2+8) (build )
# Java VM: Java HotSpot(TM) 64-Bit Server VM (13.0.2+8, mixed mode, aot, sharing, tiered, compressed oops, g1 gc, windows-amd64)
# No core dump will be written. Minidumps are not enabled by default on client versions of Windows
#

---------------  S U M M A R Y ------------

Command Line: -Dfile.encoding=UTF-8 --module-path=C:\Users\SHADOWRATH\Documents\NetBeansProjects\ITP-Reservation\build\classes itp.reservation.ReservationHome

Host: Intel(R) Core(TM) i7-5500U CPU @ 2.40GHz, 4 cores, 7G,  Windows 8.1 , 64 bit Build 9600 (6.3.9600.17415)
Time: Mon Oct 12 23:06:06 2020 Sri Lanka Standard Time elapsed time: 0 seconds (0d 0h 0m 0s)

---------------  T H R E A D  ---------------

Current thread (0x00000006c1edc800):  JavaThread "Unknown thread" [_thread_in_vm, id=12268, stack(0x00000006c1590000,0x00000006c1690000)]

Stack: [0x00000006c1590000,0x00000006c1690000]
Native frames: (J=compiled Java code, j=interpreted, Vv=VM code, C=native code)
V  [jvm.dll+0x624f9a]
V  [jvm.dll+0x770cfa]
V  [jvm.dll+0x7724af]
V  [jvm.dll+0x772ab3]
V  [jvm.dll+0x24bf08]
V  [jvm.dll+0x6222aa]
V  [jvm.dll+0x6170b5]
V  [jvm.dll+0x30a88c]
V  [jvm.dll+0x30a6c2]
V  [jvm.dll+0x30fe36]
V  [jvm.dll+0x353f46]
V  [jvm.dll+0x353720]
V  [jvm.dll+0x2e550a]
V  [jvm.dll+0x2e67a2]
V  [jvm.dll+0x74dd78]
V  [jvm.dll+0x361989]
V  [jvm.dll+0x730e65]
V  [jvm.dll+0x3cc53f]
V  [jvm.dll+0x3ce861]
C  [jli.dll+0x51ff]
C  [ucrtbase.DLL+0x203ba]
C  [KERNEL32.DLL+0x13d2]
C  [ntdll.dll+0x154f4]


---------------  P R O C E S S  ---------------

Threads class SMR info:
_java_thread_list=0x00007ffb733eccb8, length=0, elements={
}

Java Threads: ( => current thread )

Other Threads:
  0x00000006c1f1e000 GCTaskThread "GC Thread#0" [stack: 0x00000006ddf20000,0x00000006de020000] [id=8664]
  0x00000006c1f2f800 ConcurrentGCThread "G1 Main Marker" [stack: 0x00000006de020000,0x00000006de120000] [id=2068]
  0x00000006c1f37000 ConcurrentGCThread "G1 Conc#0" [stack: 0x00000006de120000,0x00000006de220000] [id=11736]

[error occurred during error reporting (printing all threads), id 0xc0000005, EXCEPTION_ACCESS_VIOLATION (0xc0000005) at pc=0x00007ffb72c251d7]

VM state:not at safepoint (not fully initialized)

VM Mutex/Monitor currently owned by a thread:  ([mutex/lock_event])
[0x00000006c1ed8ea0] Heap_lock - owner thread: 0x00000006c1edc800

Heap address: 0x0000000081600000, size: 2026 MB, Compressed Oops mode: Non-zero based: 0x0000000081600000
Narrow klass base: 0x0000000000000000, Narrow klass shift: 0

GC Heap History (0 events):
No events

Deoptimization events (0 events):
No events

Classes unloaded (0 events):
No events

Classes redefined (0 events):
No events

Internal exceptions (0 events):
No events

Events (8 events):
Event: 0.005 Loaded shared library C:\Program Files\java\jdk-13.0.2\bin\zip.dll
Event: 0.005 Loaded shared library C:\Program Files\java\jdk-13.0.2\bin\jimage.dll
Event: 0.006 Loading shared library C:\Program Files\java\jdk-13.0.2\lib\libjava.base-coop.dll failed, error code 126
Event: 0.006 Loading shared library C:\Program Files\java\jdk-13.0.2\lib\libjava.logging-coop.dll failed, error code 126
Event: 0.006 Loading shared library C:\Program Files\java\jdk-13.0.2\lib\libjdk.compiler-coop.dll failed, error code 126
Event: 0.006 Loading shared library C:\Program Files\java\jdk-13.0.2\lib\libjdk.scripting.nashorn-coop.dll failed, error code 126
Event: 0.006 Loading shared library C:\Program Files\java\jdk-13.0.2\lib\libjdk.internal.vm.ci-coop.dll failed, error code 126
Event: 0.006 Loading shared library C:\Program Files\java\jdk-13.0.2\lib\libjdk.internal.vm.compiler-coop.dll failed, error code 126


Dynamic libraries:
0x00007ff61f320000 - 0x00007ff61f32f000 	C:\Program Files\java\jdk-13.0.2\bin\java.exe
0x00007ffbcc7c0000 - 0x00007ffbcc96d000 	C:\Windows\SYSTEM32\ntdll.dll
0x00007ffbcbd80000 - 0x00007ffbcbebe000 	C:\Windows\system32\KERNEL32.DLL
0x00007ffbc9b40000 - 0x00007ffbc9c55000 	C:\Windows\system32\KERNELBASE.dll
0x00007ffba1fd0000 - 0x00007ffba1fe8000 	C:\Program Files\java\jdk-13.0.2\bin\jli.dll
0x00007ffbc0da0000 - 0x00007ffbc0db5000 	C:\Program Files\java\jdk-13.0.2\bin\VCRUNTIME140.dll
0x00007ffbc1a80000 - 0x00007ffbc1a84000 	C:\Program Files\java\jdk-13.0.2\bin\api-ms-win-crt-stdio-l1-1-0.dll
0x00007ffbbc4c0000 - 0x00007ffbbc4c4000 	C:\Program Files\java\jdk-13.0.2\bin\api-ms-win-crt-runtime-l1-1-0.dll
0x00007ffba2a70000 - 0x00007ffba2a73000 	C:\Program Files\java\jdk-13.0.2\bin\api-ms-win-crt-environment-l1-1-0.dll
0x00007ffba2930000 - 0x00007ffba2935000 	C:\Program Files\java\jdk-13.0.2\bin\api-ms-win-crt-math-l1-1-0.dll
0x00007ffba1970000 - 0x00007ffba1973000 	C:\Program Files\java\jdk-13.0.2\bin\api-ms-win-crt-locale-l1-1-0.dll
0x00007ffba1e70000 - 0x00007ffba1e73000 	C:\Program Files\java\jdk-13.0.2\bin\api-ms-win-crt-heap-l1-1-0.dll
0x00007ffbcc330000 - 0x00007ffbcc3da000 	C:\Windows\system32\ADVAPI32.dll
0x00007ffbc5df0000 - 0x00007ffbc606a000 	C:\Windows\WinSxS\amd64_microsoft.windows.common-controls_6595b64144ccf1df_6.0.9600.17810_none_6240b9c7ecbd0bda\COMCTL32.dll
0x00007ffbcbec0000 - 0x00007ffbcc037000 	C:\Windows\system32\USER32.dll
0x00007ffbc45f0000 - 0x00007ffbc45fa000 	C:\Windows\SYSTEM32\VERSION.dll
0x00007ffba2370000 - 0x00007ffba2373000 	C:\Program Files\java\jdk-13.0.2\bin\api-ms-win-crt-filesystem-l1-1-0.dll
0x00007ffbc0d70000 - 0x00007ffbc0d74000 	C:\Program Files\java\jdk-13.0.2\bin\api-ms-win-crt-string-l1-1-0.dll
0x00007ffba35e0000 - 0x00007ffba35e4000 	C:\Program Files\java\jdk-13.0.2\bin\api-ms-win-crt-convert-l1-1-0.dll
0x00007ffbca240000 - 0x00007ffbca2ea000 	C:\Windows\system32\msvcrt.dll
0x00007ffbca640000 - 0x00007ffbca699000 	C:\Windows\SYSTEM32\sechost.dll
0x00007ffbc9ed0000 - 0x00007ffbca011000 	C:\Windows\system32\RPCRT4.dll
0x00007ffbcc670000 - 0x00007ffbcc7bb000 	C:\Windows\system32\GDI32.dll
0x00007ffb98550000 - 0x00007ffb9864c000 	C:\Program Files\java\jdk-13.0.2\bin\ucrtbase.DLL
0x00007ffbcc3e0000 - 0x00007ffbcc416000 	C:\Windows\system32\IMM32.DLL
0x00007ffbca020000 - 0x00007ffbca172000 	C:\Windows\system32\MSCTF.dll
0x00007ffb98b60000 - 0x00007ffb98bfb000 	C:\Program Files\java\jdk-13.0.2\bin\msvcp140.dll
0x00007ffba1e80000 - 0x00007ffba1e83000 	C:\Program Files\java\jdk-13.0.2\bin\api-ms-win-crt-time-l1-1-0.dll
0x00007ffba2a60000 - 0x00007ffba2a63000 	C:\Program Files\java\jdk-13.0.2\bin\api-ms-win-crt-utility-l1-1-0.dll
0x00007ffb72930000 - 0x00007ffb7348d000 	C:\Program Files\java\jdk-13.0.2\bin\server\jvm.dll
0x00007ffbbe710000 - 0x00007ffbbe719000 	C:\Windows\SYSTEM32\WSOCK32.dll
0x00007ffbc66c0000 - 0x00007ffbc66e2000 	C:\Windows\SYSTEM32\WINMM.dll
0x00007ffbcc660000 - 0x00007ffbcc667000 	C:\Windows\system32\PSAPI.DLL
0x00007ffbcc420000 - 0x00007ffbcc47a000 	C:\Windows\system32\WS2_32.dll
0x00007ffbc6690000 - 0x00007ffbc66ba000 	C:\Windows\SYSTEM32\WINMMBASE.dll
0x00007ffbca2f0000 - 0x00007ffbca2f9000 	C:\Windows\system32\NSI.dll
0x00007ffbc9af0000 - 0x00007ffbc9b3f000 	C:\Windows\SYSTEM32\cfgmgr32.dll
0x00007ffbc86f0000 - 0x00007ffbc8718000 	C:\Windows\SYSTEM32\DEVOBJ.dll
0x00007ffba1b20000 - 0x00007ffba1b30000 	C:\Program Files\java\jdk-13.0.2\bin\verify.dll
0x00007ffbacfe0000 - 0x00007ffbad16a000 	C:\Windows\SYSTEM32\DBGHELP.DLL
0x00007ffb9a8f0000 - 0x00007ffb9a916000 	C:\Program Files\java\jdk-13.0.2\bin\java.dll
0x00007ffba0f20000 - 0x00007ffba0f37000 	C:\Program Files\java\jdk-13.0.2\bin\zip.dll
0x00007ffba1a90000 - 0x00007ffba1a9a000 	C:\Program Files\java\jdk-13.0.2\bin\jimage.dll

dbghelp: loaded successfully - version: 4.0.5 - missing functions: none
symbol engine: initialized successfully - sym options: 0x614 - pdb path: .;C:\Program Files\java\jdk-13.0.2\bin;C:\Windows\SYSTEM32;C:\Windows\WinSxS\amd64_microsoft.windows.common-controls_6595b64144ccf1df_6.0.9600.17810_none_6240b9c7ecbd0bda;C:\Program Files\java\jdk-13.0.2\bin\server

VM Arguments:
jvm_args: -Dfile.encoding=UTF-8 --module-path=C:\Users\SHADOWRATH\Documents\NetBeansProjects\ITP-Reservation\build\classes 
java_command: itp.reservation.ReservationHome
java_class_path (initial): C:\Users\SHADOWRATH\Desktop\Y2\lib\jcalendar-1.4.jar;C:\Users\SHADOWRATH\Desktop\Java\sqlitejdbc-v056.jar;C:\Users\SHADOWRATH\Desktop\Java\mysql-connector-java-8.0.21\mysql-connector-java-8.0.21.jar;C:\Users\SHADOWRATH\Documents\NetBeansProjects\ITP-Reservation\build\classes
Launcher Type: SUN_STANDARD

[Global flags]
     intx CICompilerCount                          = 3                                         {product} {ergonomic}
     uint ConcGCThreads                            = 1                                         {product} {ergonomic}
     uint G1ConcRefinementThreads                  = 4                                         {product} {ergonomic}
   size_t G1HeapRegionSize                         = 1048576                                   {product} {ergonomic}
    uintx GCDrainStackTargetSize                   = 64                                        {product} {ergonomic}
   size_t InitialHeapSize                          = 134217728                                 {product} {ergonomic}
   size_t MarkStackSize                            = 4194304                                   {product} {ergonomic}
   size_t MaxHeapSize                              = 2124414976                                {product} {ergonomic}
   size_t MinHeapDeltaBytes                        = 1048576                                   {product} {ergonomic}
   size_t MinHeapSize                              = 8388608                                   {product} {ergonomic}
    uintx NonNMethodCodeHeapSize                   = 5832780                                {pd product} {ergonomic}
    uintx NonProfiledCodeHeapSize                  = 122912730                              {pd product} {ergonomic}
    uintx ProfiledCodeHeapSize                     = 122912730                              {pd product} {ergonomic}
    uintx ReservedCodeCacheSize                    = 251658240                              {pd product} {ergonomic}
     bool SegmentedCodeCache                       = true                                      {product} {ergonomic}
   size_t SoftMaxHeapSize                          = 2124414976                             {manageable} {ergonomic}
     bool UseCompressedClassPointers               = true                                 {lp64_product} {ergonomic}
     bool UseCompressedOops                        = true                                 {lp64_product} {ergonomic}
     bool UseG1GC                                  = true                                      {product} {ergonomic}
     bool UseLargePagesIndividualAllocation        = false                                  {pd product} {ergonomic}

Logging:
Log output configuration:
 #0: stdout all=warning uptime,level,tags
 #1: stderr all=off uptime,level,tags

Environment Variables:
PATH=C:\Program Files\Microsoft MPI\Bin\;C:\Program Files\Dell\DW WLAN Card;C:\Windows\system32;C:\Windows;C:\Windows\System32\Wbem;C:\Windows\System32\WindowsPowerShell\v1.0\;C:\Program Files\WIDCOMM\Bluetooth Software\;C:\Program Files\WIDCOMM\Bluetooth Software\syswow64;C:\Program Files (x86)\NVIDIA Corporation\PhysX\Common;C:\Program Files\Microsoft SQL Server\Client SDK\ODBC\130\Tools\Binn\;C:\Program Files (x86)\Microsoft SQL Server\140\Tools\Binn\;C:\Program Files\Microsoft SQL Server\140\Tools\Binn\;C:\Program Files\Microsoft SQL Server\140\DTS\Binn\;C:\Program Files (x86)\Microsoft SQL Server\150\DTS\Binn\;C:\Program Files (x86)\Microsoft SQL Server\140\DTS\Binn\;C:\Program Files\NVIDIA Corporation\NVIDIA NvDLISR\;C:\Program Files\Java\jdk13\bin;C:\Program Files\NVIDIA Corporation\NVIDIA NvDLISR;C:\Program Files\Git\cmd;C:\Users\SHADOWRATH\AppData\Local\Programs\Python\Python38\Scripts\;C:\Users\SHADOWRATH\AppData\Local\Programs\Python\Python38\;C:\Program Files\MySQL\MySQL Shell 8.0\bin\;C:\Program Files\java\jdk-13.0.2\bin
USERNAME=SHADOWRATH
OS=Windows_NT
PROCESSOR_IDENTIFIER=Intel64 Family 6 Model 61 Stepping 4, GenuineIntel



---------------  S Y S T E M  ---------------

OS: Windows 8.1 , 64 bit Build 9600 (6.3.9600.17415)

CPU:total 4 (initial active 4) (2 cores per cpu, 2 threads per core) family 6 model 61 stepping 4, cmov, cx8, fxsr, mmx, sse, sse2, sse3, ssse3, sse4.1, sse4.2, popcnt, avx, avx2, aes, clmul, erms, 3dnowpref, lzcnt, ht, tsc, tscinvbit, bmi1, bmi2, adx, fma

Memory: 4k page, system-wide physical 8103M (1106M free)
TotalPageFile size 11103M (AvailPageFile size 20M)
current process WorkingSet (physical memory assigned to process): 9M, peak: 9M
current process commit charge ("private bytes"): 51M, peak: 179M

vm_info: Java HotSpot(TM) 64-Bit Server VM (13.0.2+8) for windows-amd64 JRE (13.0.2+8), built on Dec 11 2019 09:20:33 by "mach5one" with unknown MS VC++:1916

END.
