#
# There is insufficient memory for the Java Runtime Environment to continue.
# Native memory allocation (mmap) failed to map 134217728 bytes for Failed to commit area from 0x0000000081600000 to 0x0000000089600000 of length 134217728.
# Possible reasons:
#   The system is out of physical RAM or swap space
#   The process is running with CompressedOops enabled, and the Java Heap may be blocking the growth of the native heap
# Possible solutions:
#   Reduce memory load on the system
#   Increase physical memory or swap space
#   Check if swap backing store is full
#   Decrease Java heap size (-Xmx/-Xms)
#   Decrease number of Java threads
#   Decrease Java thread stack sizes (-Xss)
#   Set larger code cache with -XX:ReservedCodeCacheSize=
# This output file may be truncated or incomplete.
#
#  Out of Memory Error (t:/workspace/open/src/hotspot/os/windows/os_windows.cpp:3301), pid=2764, tid=10400
#
# JRE version:  (13.0.2+8) (build )
# Java VM: Java HotSpot(TM) 64-Bit Server VM (13.0.2+8, mixed mode, aot, sharing, tiered, compressed oops, g1 gc, windows-amd64)
# No core dump will be written. Minidumps are not enabled by default on client versions of Windows
#

---------------  S U M M A R Y ------------

Command Line: -Dfile.encoding=UTF-8 itp.reservation.RoomReservation

Host: Intel(R) Core(TM) i7-5500U CPU @ 2.40GHz, 4 cores, 7G,  Windows 8.1 , 64 bit Build 9600 (6.3.9600.17415)
Time: Wed Sep  9 00:29:12 2020 Sri Lanka Standard Time elapsed time: 0 seconds (0d 0h 0m 0s)

---------------  T H R E A D  ---------------

Current thread (0x000000ba47f5b000):  JavaThread "Unknown thread" [_thread_in_vm, id=10400, stack(0x000000ba47610000,0x000000ba47710000)]

Stack: [0x000000ba47610000,0x000000ba47710000]
Native frames: (J=compiled Java code, j=interpreted, Vv=VM code, C=native code)
V  [jvm.dll+0x624f9a]
V  [jvm.dll+0x770cfa]
V  [jvm.dll+0x7724af]
V  [jvm.dll+0x772ab3]
V  [jvm.dll+0x24bf08]
V  [jvm.dll+0x6222aa]
V  [jvm.dll+0x6170b5]
V  [jvm.dll+0x30a88c]
V  [jvm.dll+0x30a6c2]
V  [jvm.dll+0x30fe36]
V  [jvm.dll+0x353f46]
V  [jvm.dll+0x353720]
V  [jvm.dll+0x2e550a]
V  [jvm.dll+0x2e67a2]
V  [jvm.dll+0x74dd78]
V  [jvm.dll+0x361989]
V  [jvm.dll+0x730e65]
V  [jvm.dll+0x3cc53f]
V  [jvm.dll+0x3ce861]
C  [jli.dll+0x51ff]
C  [ucrtbase.DLL+0x203ba]
C  [KERNEL32.DLL+0x13d2]
C  [ntdll.dll+0x154f4]


---------------  P R O C E S S  ---------------

Threads class SMR info:
_java_thread_list=0x00007ffa4050ccb8, length=0, elements={
}

Java Threads: ( => current thread )

Other Threads:
  0x000000ba47f9d000 GCTaskThread "GC Thread#0" [stack: 0x000000ba63fa0000,0x000000ba640a0000] [id=10560]
  0x000000ba47faf000 ConcurrentGCThread "G1 Main Marker" [stack: 0x000000ba640a0000,0x000000ba641a0000] [id=2596]
  0x000000ba47fb2000 ConcurrentGCThread "G1 Conc#0" [stack: 0x000000ba641a0000,0x000000ba642a0000] [id=7348]

[error occurred during error reporting (printing all threads), id 0xc0000005, EXCEPTION_ACCESS_VIOLATION (0xc0000005) at pc=0x00007ffa3fd451d7]

VM state:not at safepoint (not fully initialized)

VM Mutex/Monitor currently owned by a thread:  ([mutex/lock_event])
[0x000000ba47f584d0] Heap_lock - owner thread: 0x000000ba47f5b000

Heap address: 0x0000000081600000, size: 2026 MB, Compressed Oops mode: Non-zero based: 0x0000000081600000
Narrow klass base: 0x0000000000000000, Narrow klass shift: 0

GC Heap History (0 events):
No events

Deoptimization events (0 events):
No events

Classes unloaded (0 events):
No events

Classes redefined (0 events):
No events

Internal exceptions (0 events):
No events

Events (8 events):
Event: 0.005 Loaded shared library C:\Program Files\java\jdk-13.0.2\bin\zip.dll
Event: 0.005 Loaded shared library C:\Program Files\java\jdk-13.0.2\bin\jimage.dll
Event: 0.006 Loading shared library C:\Program Files\java\jdk-13.0.2\lib\libjava.base-coop.dll failed, error code 126
Event: 0.006 Loading shared library C:\Program Files\java\jdk-13.0.2\lib\libjava.logging-coop.dll failed, error code 126
Event: 0.006 Loading shared library C:\Program Files\java\jdk-13.0.2\lib\libjdk.compiler-coop.dll failed, error code 126
Event: 0.006 Loading shared library C:\Program Files\java\jdk-13.0.2\lib\libjdk.scripting.nashorn-coop.dll failed, error code 126
Event: 0.006 Loading shared library C:\Program Files\java\jdk-13.0.2\lib\libjdk.internal.vm.ci-coop.dll failed, error code 126
Event: 0.006 Loading shared library C:\Program Files\java\jdk-13.0.2\lib\libjdk.internal.vm.compiler-coop.dll failed, error code 126


Dynamic libraries:
0x00007ff6c9340000 - 0x00007ff6c934f000 	C:\Program Files\java\jdk-13.0.2\bin\java.exe
0x00007ffa9cb20000 - 0x00007ffa9cccd000 	C:\Windows\SYSTEM32\ntdll.dll
0x00007ffa9a4f0000 - 0x00007ffa9a62e000 	C:\Windows\system32\KERNEL32.DLL
0x00007ffa99f70000 - 0x00007ffa9a085000 	C:\Windows\system32\KERNELBASE.dll
0x00007ffa5ed30000 - 0x00007ffa5ed48000 	C:\Program Files\java\jdk-13.0.2\bin\jli.dll
0x00007ffa623f0000 - 0x00007ffa62405000 	C:\Program Files\java\jdk-13.0.2\bin\VCRUNTIME140.dll
0x00007ffa927a0000 - 0x00007ffa927a4000 	C:\Program Files\java\jdk-13.0.2\bin\api-ms-win-crt-stdio-l1-1-0.dll
0x00007ffa91640000 - 0x00007ffa91644000 	C:\Program Files\java\jdk-13.0.2\bin\api-ms-win-crt-runtime-l1-1-0.dll
0x00007ffa90ea0000 - 0x00007ffa90ea3000 	C:\Program Files\java\jdk-13.0.2\bin\api-ms-win-crt-environment-l1-1-0.dll
0x00007ffa8d7d0000 - 0x00007ffa8d7d5000 	C:\Program Files\java\jdk-13.0.2\bin\api-ms-win-crt-math-l1-1-0.dll
0x00007ffa95230000 - 0x00007ffa95233000 	C:\Program Files\java\jdk-13.0.2\bin\api-ms-win-crt-locale-l1-1-0.dll
0x00007ffa8d5b0000 - 0x00007ffa8d5b3000 	C:\Program Files\java\jdk-13.0.2\bin\api-ms-win-crt-heap-l1-1-0.dll
0x00007ffa9a230000 - 0x00007ffa9a2da000 	C:\Windows\system32\ADVAPI32.dll
0x00007ffa97db0000 - 0x00007ffa9802a000 	C:\Windows\WinSxS\amd64_microsoft.windows.common-controls_6595b64144ccf1df_6.0.9600.17810_none_6240b9c7ecbd0bda\COMCTL32.dll
0x00007ffa9a790000 - 0x00007ffa9a907000 	C:\Windows\system32\USER32.dll
0x00007ffa94b10000 - 0x00007ffa94b1a000 	C:\Windows\SYSTEM32\VERSION.dll
0x00007ffa8d7a0000 - 0x00007ffa8d7a3000 	C:\Program Files\java\jdk-13.0.2\bin\api-ms-win-crt-filesystem-l1-1-0.dll
0x00007ffa92280000 - 0x00007ffa92284000 	C:\Program Files\java\jdk-13.0.2\bin\api-ms-win-crt-string-l1-1-0.dll
0x00007ffa915b0000 - 0x00007ffa915b4000 	C:\Program Files\java\jdk-13.0.2\bin\api-ms-win-crt-convert-l1-1-0.dll
0x00007ffa9af90000 - 0x00007ffa9b03a000 	C:\Windows\system32\msvcrt.dll
0x00007ffa9ad80000 - 0x00007ffa9add9000 	C:\Windows\SYSTEM32\sechost.dll
0x00007ffa9c9d0000 - 0x00007ffa9cb11000 	C:\Windows\system32\RPCRT4.dll
0x00007ffa9a340000 - 0x00007ffa9a48b000 	C:\Windows\system32\GDI32.dll
0x00007ffa46330000 - 0x00007ffa4642c000 	C:\Program Files\java\jdk-13.0.2\bin\ucrtbase.DLL
0x00007ffa9ad40000 - 0x00007ffa9ad76000 	C:\Windows\system32\IMM32.DLL
0x00007ffa9a630000 - 0x00007ffa9a782000 	C:\Windows\system32\MSCTF.dll
0x00007ffa5ef10000 - 0x00007ffa5efab000 	C:\Program Files\java\jdk-13.0.2\bin\msvcp140.dll
0x00007ffa8d680000 - 0x00007ffa8d683000 	C:\Program Files\java\jdk-13.0.2\bin\api-ms-win-crt-time-l1-1-0.dll
0x00007ffa90e40000 - 0x00007ffa90e43000 	C:\Program Files\java\jdk-13.0.2\bin\api-ms-win-crt-utility-l1-1-0.dll
0x00007ffa3fa50000 - 0x00007ffa405ad000 	C:\Program Files\java\jdk-13.0.2\bin\server\jvm.dll
0x00007ffa8ef00000 - 0x00007ffa8ef09000 	C:\Windows\SYSTEM32\WSOCK32.dll
0x00007ffa96000000 - 0x00007ffa96022000 	C:\Windows\SYSTEM32\WINMM.dll
0x00007ffa9c570000 - 0x00007ffa9c577000 	C:\Windows\system32\PSAPI.DLL
0x00007ffa9a2e0000 - 0x00007ffa9a33a000 	C:\Windows\system32\WS2_32.dll
0x00007ffa95fd0000 - 0x00007ffa95ffa000 	C:\Windows\SYSTEM32\WINMMBASE.dll
0x00007ffa9aa40000 - 0x00007ffa9aa49000 	C:\Windows\system32\NSI.dll
0x00007ffa99f20000 - 0x00007ffa99f6f000 	C:\Windows\SYSTEM32\cfgmgr32.dll
0x00007ffa98a60000 - 0x00007ffa98a88000 	C:\Windows\SYSTEM32\DEVOBJ.dll
0x00007ffa8d520000 - 0x00007ffa8d530000 	C:\Program Files\java\jdk-13.0.2\bin\verify.dll
0x00007ffa8a890000 - 0x00007ffa8aa1a000 	C:\Windows\SYSTEM32\DBGHELP.DLL
0x00007ffa61860000 - 0x00007ffa61886000 	C:\Program Files\java\jdk-13.0.2\bin\java.dll
0x00007ffa61c50000 - 0x00007ffa61c67000 	C:\Program Files\java\jdk-13.0.2\bin\zip.dll
0x00007ffa8c510000 - 0x00007ffa8c51a000 	C:\Program Files\java\jdk-13.0.2\bin\jimage.dll

dbghelp: loaded successfully - version: 4.0.5 - missing functions: none
symbol engine: initialized successfully - sym options: 0x614 - pdb path: .;C:\Program Files\java\jdk-13.0.2\bin;C:\Windows\SYSTEM32;C:\Windows\WinSxS\amd64_microsoft.windows.common-controls_6595b64144ccf1df_6.0.9600.17810_none_6240b9c7ecbd0bda;C:\Program Files\java\jdk-13.0.2\bin\server

VM Arguments:
jvm_args: -Dfile.encoding=UTF-8 
java_command: itp.reservation.RoomReservation
java_class_path (initial): C:\Users\SHADOWRATH\Desktop\Y2\lib\jcalendar-1.4.jar;C:\Users\SHADOWRATH\Desktop\Java\sqlitejdbc-v056.jar;C:\Users\SHADOWRATH\Desktop\Java\mysql-connector-java-8.0.21\mysql-connector-java-8.0.21.jar;C:\Users\SHADOWRATH\Documents\NetBeansProjects\ITP-Reservation\build\classes
Launcher Type: SUN_STANDARD

[Global flags]
     intx CICompilerCount                          = 3                                         {product} {ergonomic}
     uint ConcGCThreads                            = 1                                         {product} {ergonomic}
     uint G1ConcRefinementThreads                  = 4                                         {product} {ergonomic}
   size_t G1HeapRegionSize                         = 1048576                                   {product} {ergonomic}
    uintx GCDrainStackTargetSize                   = 64                                        {product} {ergonomic}
   size_t InitialHeapSize                          = 134217728                                 {product} {ergonomic}
   size_t MarkStackSize                            = 4194304                                   {product} {ergonomic}
   size_t MaxHeapSize                              = 2124414976                                {product} {ergonomic}
   size_t MinHeapDeltaBytes                        = 1048576                                   {product} {ergonomic}
   size_t MinHeapSize                              = 8388608                                   {product} {ergonomic}
    uintx NonNMethodCodeHeapSize                   = 5832780                                {pd product} {ergonomic}
    uintx NonProfiledCodeHeapSize                  = 122912730                              {pd product} {ergonomic}
    uintx ProfiledCodeHeapSize                     = 122912730                              {pd product} {ergonomic}
    uintx ReservedCodeCacheSize                    = 251658240                              {pd product} {ergonomic}
     bool SegmentedCodeCache                       = true                                      {product} {ergonomic}
   size_t SoftMaxHeapSize                          = 2124414976                             {manageable} {ergonomic}
     bool UseCompressedClassPointers               = true                                 {lp64_product} {ergonomic}
     bool UseCompressedOops                        = true                                 {lp64_product} {ergonomic}
     bool UseG1GC                                  = true                                      {product} {ergonomic}
     bool UseLargePagesIndividualAllocation        = false                                  {pd product} {ergonomic}

Logging:
Log output configuration:
 #0: stdout all=warning uptime,level,tags
 #1: stderr all=off uptime,level,tags

Environment Variables:
PATH=C:\Program Files\Microsoft MPI\Bin\;C:\Program Files\Dell\DW WLAN Card;C:\Windows\system32;C:\Windows;C:\Windows\System32\Wbem;C:\Windows\System32\WindowsPowerShell\v1.0\;C:\Program Files\WIDCOMM\Bluetooth Software\;C:\Program Files\WIDCOMM\Bluetooth Software\syswow64;C:\Program Files (x86)\NVIDIA Corporation\PhysX\Common;C:\Program Files\Microsoft SQL Server\Client SDK\ODBC\130\Tools\Binn\;C:\Program Files (x86)\Microsoft SQL Server\140\Tools\Binn\;C:\Program Files\Microsoft SQL Server\140\Tools\Binn\;C:\Program Files\Microsoft SQL Server\140\DTS\Binn\;C:\Program Files (x86)\Microsoft SQL Server\150\DTS\Binn\;C:\Program Files (x86)\Microsoft SQL Server\140\DTS\Binn\;C:\Program Files\NVIDIA Corporation\NVIDIA NvDLISR\;C:\Program Files\Java\jdk13\bin;C:\Program Files\NVIDIA Corporation\NVIDIA NvDLISR;C:\Program Files\Git\cmd;C:\Program Files\MySQL\MySQL Shell 8.0\bin\;C:\Program Files\java\jdk-13.0.2\bin
USERNAME=SHADOWRATH
OS=Windows_NT
PROCESSOR_IDENTIFIER=Intel64 Family 6 Model 61 Stepping 4, GenuineIntel



---------------  S Y S T E M  ---------------

OS: Windows 8.1 , 64 bit Build 9600 (6.3.9600.17415)

CPU:total 4 (initial active 4) (2 cores per cpu, 2 threads per core) family 6 model 61 stepping 4, cmov, cx8, fxsr, mmx, sse, sse2, sse3, ssse3, sse4.1, sse4.2, popcnt, avx, avx2, aes, clmul, erms, 3dnowpref, lzcnt, ht, tsc, tscinvbit, bmi1, bmi2, adx, fma

Memory: 4k page, system-wide physical 8103M (1110M free)
TotalPageFile size 11103M (AvailPageFile size 121M)
current process WorkingSet (physical memory assigned to process): 9M, peak: 9M
current process commit charge ("private bytes"): 51M, peak: 179M

vm_info: Java HotSpot(TM) 64-Bit Server VM (13.0.2+8) for windows-amd64 JRE (13.0.2+8), built on Dec 11 2019 09:20:33 by "mach5one" with unknown MS VC++:1916

END.
